[15-Aug-2020 04:10:17 Asia/Tokyo] SESSIONの途中経過です。フラグ確認 index.php(19)：  Array
(
    [current_num] => 0
    [correct_count] => 0
    [easy] => 0
    [normal] => 2
    [hard] => 0
)

[15-Aug-2020 04:10:17 Asia/Tokyo]    
[15-Aug-2020 04:10:17 Asia/Tokyo] 画像配列の中身：img/img04.jpg
[15-Aug-2020 04:10:17 Asia/Tokyo]    
[15-Aug-2020 04:10:17 Asia/Tokyo] POST['next']が空だったときの処理です。Array
(
    [normal] => 2
)

[15-Aug-2020 04:10:17 Asia/Tokyo]    
[15-Aug-2020 04:10:24 Asia/Tokyo] SESSIONの途中経過です。フラグ確認 index.php(19)：  Array
(
    [current_num] => 0
    [correct_count] => 0
    [easy] => 0
    [normal] => 2
    [hard] => 0
)

[15-Aug-2020 04:10:24 Asia/Tokyo]    
[15-Aug-2020 04:10:24 Asia/Tokyo] 画像配列の中身：img/img04.jpg
[15-Aug-2020 04:10:24 Asia/Tokyo]    
[15-Aug-2020 04:10:24 Asia/Tokyo] POST['next']が空では無いときの処理です index.php(187)：Array
(
    [next] => 1
)

[15-Aug-2020 04:10:28 Asia/Tokyo] SESSIONの中身 answer.phpArray
(
    [current_num] => 0
    [correct_count] => 0
    [easy] => 0
    [normal] => 2
    [hard] => 0
)

[15-Aug-2020 04:10:28 Asia/Tokyo]    
[15-Aug-2020 04:10:28 Asia/Tokyo] Ajax処理でPOSTされているか確認 answer.php：デッドリフト
[15-Aug-2020 04:10:28 Asia/Tokyo]    
[15-Aug-2020 04:10:28 Asia/Tokyo] $_SESSION[current_num]チェック前0
[15-Aug-2020 04:10:28 Asia/Tokyo]    
[15-Aug-2020 04:10:28 Asia/Tokyo] $_SESSION[current_num]チェック後1
[15-Aug-2020 04:10:28 Asia/Tokyo]    
[15-Aug-2020 04:10:28 Asia/Tokyo] 配列から引っ張ってきた答え answer.php：デッドリフト
[15-Aug-2020 04:10:28 Asia/Tokyo]    
[15-Aug-2020 04:10:28 Asia/Tokyo] 答えの中身 answer.php：デッドリフト
[15-Aug-2020 04:10:28 Asia/Tokyo]    
[15-Aug-2020 04:10:29 Asia/Tokyo] SESSIONの途中経過です。フラグ確認 index.php(19)：  Array
(
    [current_num] => 1
    [correct_count] => 1
    [easy] => 0
    [normal] => 2
    [hard] => 0
)

[15-Aug-2020 04:10:29 Asia/Tokyo]    
[15-Aug-2020 04:10:29 Asia/Tokyo] 画像配列の中身：img/img05.jpg
[15-Aug-2020 04:10:29 Asia/Tokyo]    
[15-Aug-2020 04:10:29 Asia/Tokyo] POST['next']が空では無いときの処理です index.php(187)：Array
(
    [next] => 1
)

[15-Aug-2020 04:11:00 Asia/Tokyo] SESSIONの中身 answer.phpArray
(
    [current_num] => 1
    [correct_count] => 1
    [easy] => 0
    [normal] => 2
    [hard] => 0
)

[15-Aug-2020 04:11:00 Asia/Tokyo]    
[15-Aug-2020 04:11:00 Asia/Tokyo] Ajax処理でPOSTされているか確認 answer.php：大腿四頭筋
[15-Aug-2020 04:11:00 Asia/Tokyo]    
[15-Aug-2020 04:11:00 Asia/Tokyo] $_SESSION[current_num]チェック前1
[15-Aug-2020 04:11:00 Asia/Tokyo]    
[15-Aug-2020 04:11:00 Asia/Tokyo] $_SESSION[current_num]チェック後2
[15-Aug-2020 04:11:00 Asia/Tokyo]    
[15-Aug-2020 04:11:00 Asia/Tokyo] 配列から引っ張ってきた答え answer.php：腹筋
[15-Aug-2020 04:11:00 Asia/Tokyo]    
[15-Aug-2020 04:11:00 Asia/Tokyo] 答えの中身 answer.php：腹筋
[15-Aug-2020 04:11:00 Asia/Tokyo]    
[15-Aug-2020 04:11:03 Asia/Tokyo] SESSIONの途中経過です。フラグ確認 index.php(19)：  Array
(
    [current_num] => 2
    [correct_count] => 1
    [easy] => 0
    [normal] => 2
    [hard] => 0
)

[15-Aug-2020 04:11:03 Asia/Tokyo]    
[15-Aug-2020 04:11:03 Asia/Tokyo] 画像配列の中身：img/img01.jpg
[15-Aug-2020 04:11:03 Asia/Tokyo]    
[15-Aug-2020 04:11:03 Asia/Tokyo] POST['next']が空では無いときの処理です index.php(187)：Array
(
    [next] => 1
)

[15-Aug-2020 04:11:23 Asia/Tokyo] SESSIONの途中経過です。フラグ確認 index.php(19)：  Array
(
    [current_num] => 2
    [correct_count] => 1
    [easy] => 0
    [normal] => 2
    [hard] => 0
)

[15-Aug-2020 04:11:23 Asia/Tokyo]    
[15-Aug-2020 04:11:23 Asia/Tokyo] 画像配列の中身：img/img05.jpg
[15-Aug-2020 04:11:23 Asia/Tokyo]    
[15-Aug-2020 04:11:23 Asia/Tokyo] POST['next']が空では無いときの処理です index.php(187)：Array
(
    [next] => 1
)

[15-Aug-2020 04:11:24 Asia/Tokyo] SESSIONの途中経過です。フラグ確認 index.php(19)：  Array
(
    [current_num] => 2
    [correct_count] => 1
    [easy] => 0
    [normal] => 2
    [hard] => 0
)

[15-Aug-2020 04:11:24 Asia/Tokyo]    
[15-Aug-2020 04:11:24 Asia/Tokyo] 画像配列の中身：img/img01.jpg
[15-Aug-2020 04:11:24 Asia/Tokyo]    
[15-Aug-2020 04:11:24 Asia/Tokyo] POST['next']が空では無いときの処理です index.php(187)：Array
(
    [next] => 1
)

[15-Aug-2020 04:11:25 Asia/Tokyo] SESSIONの途中経過です。フラグ確認 index.php(19)：  Array
(
    [current_num] => 2
    [correct_count] => 1
    [easy] => 0
    [normal] => 2
    [hard] => 0
)

[15-Aug-2020 04:11:25 Asia/Tokyo]    
[15-Aug-2020 04:11:25 Asia/Tokyo] 画像配列の中身：img/img02.jpg
[15-Aug-2020 04:11:25 Asia/Tokyo]    
[15-Aug-2020 04:11:25 Asia/Tokyo] POST['next']が空では無いときの処理です index.php(187)：Array
(
    [next] => 1
)

[15-Aug-2020 04:11:25 Asia/Tokyo] SESSIONの途中経過です。フラグ確認 index.php(19)：  Array
(
    [current_num] => 2
    [correct_count] => 1
    [easy] => 0
    [normal] => 2
    [hard] => 0
)

[15-Aug-2020 04:11:25 Asia/Tokyo]    
[15-Aug-2020 04:11:25 Asia/Tokyo] 画像配列の中身：img/img02.jpg
[15-Aug-2020 04:11:25 Asia/Tokyo]    
[15-Aug-2020 04:11:25 Asia/Tokyo] POST['next']が空では無いときの処理です index.php(187)：Array
(
    [next] => 1
)

[15-Aug-2020 04:11:26 Asia/Tokyo] SESSIONの途中経過です。フラグ確認 index.php(19)：  Array
(
    [current_num] => 2
    [correct_count] => 1
    [easy] => 0
    [normal] => 2
    [hard] => 0
)

[15-Aug-2020 04:11:26 Asia/Tokyo]    
[15-Aug-2020 04:11:26 Asia/Tokyo] 画像配列の中身：img/img02.jpg
[15-Aug-2020 04:11:26 Asia/Tokyo]    
[15-Aug-2020 04:11:26 Asia/Tokyo] POST['next']が空では無いときの処理です index.php(187)：Array
(
    [next] => 1
)

[15-Aug-2020 04:11:26 Asia/Tokyo] SESSIONの途中経過です。フラグ確認 index.php(19)：  Array
(
    [current_num] => 2
    [correct_count] => 1
    [easy] => 0
    [normal] => 2
    [hard] => 0
)

[15-Aug-2020 04:11:26 Asia/Tokyo]    
[15-Aug-2020 04:11:26 Asia/Tokyo] 画像配列の中身：img/img02.jpg
[15-Aug-2020 04:11:26 Asia/Tokyo]    
[15-Aug-2020 04:11:26 Asia/Tokyo] POST['next']が空では無いときの処理です index.php(187)：Array
(
    [next] => 1
)

[15-Aug-2020 04:11:27 Asia/Tokyo] SESSIONの途中経過です。フラグ確認 index.php(19)：  Array
(
    [current_num] => 2
    [correct_count] => 1
    [easy] => 0
    [normal] => 2
    [hard] => 0
)

[15-Aug-2020 04:11:27 Asia/Tokyo]    
[15-Aug-2020 04:11:27 Asia/Tokyo] 画像配列の中身：img/img02.jpg
[15-Aug-2020 04:11:27 Asia/Tokyo]    
[15-Aug-2020 04:11:27 Asia/Tokyo] POST['next']が空では無いときの処理です index.php(187)：Array
(
    [next] => 1
)

[15-Aug-2020 04:11:27 Asia/Tokyo] SESSIONの途中経過です。フラグ確認 index.php(19)：  Array
(
    [current_num] => 2
    [correct_count] => 1
    [easy] => 0
    [normal] => 2
    [hard] => 0
)

[15-Aug-2020 04:11:27 Asia/Tokyo]    
[15-Aug-2020 04:11:27 Asia/Tokyo] 画像配列の中身：img/img04.jpg
[15-Aug-2020 04:11:27 Asia/Tokyo]    
[15-Aug-2020 04:11:27 Asia/Tokyo] POST['next']が空では無いときの処理です index.php(187)：Array
(
    [next] => 1
)

[15-Aug-2020 04:11:29 Asia/Tokyo] SESSIONの途中経過です。フラグ確認 index.php(19)：  Array
(
    [current_num] => 2
    [correct_count] => 1
    [easy] => 0
    [normal] => 2
    [hard] => 0
)

[15-Aug-2020 04:11:29 Asia/Tokyo]    
[15-Aug-2020 04:11:29 Asia/Tokyo] 画像配列の中身：img/img01.jpg
[15-Aug-2020 04:11:29 Asia/Tokyo]    
[15-Aug-2020 04:11:29 Asia/Tokyo] POST['next']が空では無いときの処理です index.php(187)：Array
(
    [next] => 1
)

[15-Aug-2020 04:11:32 Asia/Tokyo] SESSIONの途中経過です。フラグ確認 index.php(19)：  Array
(
    [current_num] => 2
    [correct_count] => 1
    [easy] => 0
    [normal] => 2
    [hard] => 0
)

[15-Aug-2020 04:11:32 Asia/Tokyo]    
[15-Aug-2020 04:11:32 Asia/Tokyo] 画像配列の中身：img/img03.jpg
[15-Aug-2020 04:11:32 Asia/Tokyo]    
[15-Aug-2020 04:11:32 Asia/Tokyo] POST['next']が空では無いときの処理です index.php(187)：Array
(
    [next] => 1
)

[15-Aug-2020 04:12:04 Asia/Tokyo] SESSIONの途中経過です。フラグ確認 index.php(19)：  Array
(
    [current_num] => 2
    [correct_count] => 1
    [easy] => 0
    [normal] => 2
    [hard] => 0
)

[15-Aug-2020 04:12:04 Asia/Tokyo]    
[15-Aug-2020 04:12:04 Asia/Tokyo] 画像配列の中身：img/img04.jpg
[15-Aug-2020 04:12:04 Asia/Tokyo]    
[15-Aug-2020 04:12:04 Asia/Tokyo] POST['next']が空では無いときの処理です index.php(187)：Array
(
    [next] => 1
)

[15-Aug-2020 04:12:12 Asia/Tokyo] SESSIONの途中経過です。フラグ確認 index.php(19)：  Array
(
    [current_num] => 2
    [correct_count] => 1
    [easy] => 0
    [normal] => 2
    [hard] => 0
)

[15-Aug-2020 04:12:12 Asia/Tokyo]    
[15-Aug-2020 04:12:12 Asia/Tokyo] 画像配列の中身：img/img05.jpg
[15-Aug-2020 04:12:12 Asia/Tokyo]    
[15-Aug-2020 04:12:12 Asia/Tokyo] POST['next']が空では無いときの処理です index.php(187)：Array
(
    [next] => 1
)

[15-Aug-2020 04:12:28 Asia/Tokyo] SESSIONの途中経過です。フラグ確認 index.php(19)：  Array
(
    [current_num] => 2
    [correct_count] => 1
    [easy] => 0
    [normal] => 2
    [hard] => 0
)

[15-Aug-2020 04:12:28 Asia/Tokyo]    
[15-Aug-2020 04:12:28 Asia/Tokyo] 画像配列の中身：img/img04.jpg
[15-Aug-2020 04:12:28 Asia/Tokyo]    
[15-Aug-2020 04:12:28 Asia/Tokyo] POST['next']が空では無いときの処理です index.php(187)：Array
(
    [next] => 1
)

[15-Aug-2020 04:12:32 Asia/Tokyo] SESSIONの途中経過です。フラグ確認 index.php(19)：  Array
(
    [current_num] => 2
    [correct_count] => 1
    [easy] => 0
    [normal] => 2
    [hard] => 0
)

[15-Aug-2020 04:12:32 Asia/Tokyo]    
[15-Aug-2020 04:12:32 Asia/Tokyo] 画像配列の中身：img/img04.jpg
[15-Aug-2020 04:12:32 Asia/Tokyo]    
[15-Aug-2020 04:12:32 Asia/Tokyo] POST['next']が空では無いときの処理です index.php(187)：Array
(
    [next] => 1
)

[15-Aug-2020 04:12:40 Asia/Tokyo] SESSIONの途中経過です。フラグ確認 index.php(19)：  Array
(
    [current_num] => 2
    [correct_count] => 1
    [easy] => 0
    [normal] => 2
    [hard] => 0
)

[15-Aug-2020 04:12:40 Asia/Tokyo]    
[15-Aug-2020 04:12:40 Asia/Tokyo] 画像配列の中身：img/img03.jpg
[15-Aug-2020 04:12:40 Asia/Tokyo]    
[15-Aug-2020 04:12:40 Asia/Tokyo] POST['next']が空では無いときの処理です index.php(187)：Array
(
    [next] => 1
)

[15-Aug-2020 04:12:52 Asia/Tokyo] SESSIONの途中経過です。フラグ確認 index.php(19)：  Array
(
    [current_num] => 2
    [correct_count] => 1
    [easy] => 0
    [normal] => 2
    [hard] => 0
)

[15-Aug-2020 04:12:52 Asia/Tokyo]    
[15-Aug-2020 04:12:52 Asia/Tokyo] 画像配列の中身：img/img03.jpg
[15-Aug-2020 04:12:52 Asia/Tokyo]    
[15-Aug-2020 04:12:52 Asia/Tokyo] POST['next']が空では無いときの処理です index.php(187)：Array
(
    [next] => 1
)

[15-Aug-2020 04:15:14 Asia/Tokyo] SESSIONをセットしました construct処理(36)：Array
(
    [current_num] => 0
    [correct_count] => 0
    [easy] => 0
    [normal] => 0
    [hard] => 0
)

[15-Aug-2020 04:15:14 Asia/Tokyo]    
[15-Aug-2020 04:15:14 Asia/Tokyo] debagg u：
[15-Aug-2020 04:15:14 Asia/Tokyo]    
[15-Aug-2020 04:15:14 Asia/Tokyo] POSTの無いときの処理です
[15-Aug-2020 04:15:14 Asia/Tokyo]    
[15-Aug-2020 04:15:14 Asia/Tokyo] defaultの処理です ：QuizFinishメソッド
[15-Aug-2020 04:15:14 Asia/Tokyo]    
[15-Aug-2020 04:15:22 Asia/Tokyo] SESSIONの途中経過です。フラグ確認 index.php(19)：  Array
(
    [current_num] => 0
    [correct_count] => 0
    [easy] => 0
    [normal] => 0
    [hard] => 3
)

[15-Aug-2020 04:15:22 Asia/Tokyo]    
[15-Aug-2020 04:15:22 Asia/Tokyo] 画像配列の中身：img/img03.jpg
[15-Aug-2020 04:15:22 Asia/Tokyo]    
[15-Aug-2020 04:15:22 Asia/Tokyo] POST['next']が空だったときの処理です。Array
(
    [hard] => 3
)

[15-Aug-2020 04:15:22 Asia/Tokyo]    
[15-Aug-2020 04:15:26 Asia/Tokyo] SESSIONの途中経過です。フラグ確認 index.php(19)：  Array
(
    [current_num] => 0
    [correct_count] => 0
    [easy] => 0
    [normal] => 0
    [hard] => 3
)

[15-Aug-2020 04:15:26 Asia/Tokyo]    
[15-Aug-2020 04:15:26 Asia/Tokyo] 画像配列の中身：img/img02.jpg
[15-Aug-2020 04:15:26 Asia/Tokyo]    
[15-Aug-2020 04:15:26 Asia/Tokyo] POST['next']が空だったときの処理です。Array
(
    [hard] => 3
)

[15-Aug-2020 04:15:26 Asia/Tokyo]    
[15-Aug-2020 04:16:17 Asia/Tokyo] SESSIONをセットしました construct処理(36)：Array
(
    [current_num] => 0
    [correct_count] => 0
    [easy] => 0
    [normal] => 0
    [hard] => 0
)

[15-Aug-2020 04:16:17 Asia/Tokyo]    
[15-Aug-2020 04:16:17 Asia/Tokyo] debagg u：
[15-Aug-2020 04:16:17 Asia/Tokyo]    
[15-Aug-2020 04:16:17 Asia/Tokyo] POSTの無いときの処理です
[15-Aug-2020 04:16:17 Asia/Tokyo]    
[15-Aug-2020 04:16:17 Asia/Tokyo] defaultの処理です ：QuizFinishメソッド
[15-Aug-2020 04:16:17 Asia/Tokyo]    
[15-Aug-2020 04:16:28 Asia/Tokyo] SESSIONの途中経過です。フラグ確認 index.php(19)：  Array
(
    [current_num] => 0
    [correct_count] => 0
    [easy] => 0
    [normal] => 2
    [hard] => 0
)

[15-Aug-2020 04:16:28 Asia/Tokyo]    
[15-Aug-2020 04:16:28 Asia/Tokyo] 画像配列の中身：img/img03.jpg
[15-Aug-2020 04:16:28 Asia/Tokyo]    
[15-Aug-2020 04:16:28 Asia/Tokyo] POST['next']が空だったときの処理です。Array
(
    [normal] => 2
)

[15-Aug-2020 04:16:28 Asia/Tokyo]    
[15-Aug-2020 04:16:38 Asia/Tokyo] SESSIONの途中経過です。フラグ確認 index.php(19)：  Array
(
    [current_num] => 0
    [correct_count] => 0
    [easy] => 0
    [normal] => 2
    [hard] => 0
)

[15-Aug-2020 04:16:38 Asia/Tokyo]    
[15-Aug-2020 04:16:38 Asia/Tokyo] 画像配列の中身：img/img02.jpg
[15-Aug-2020 04:16:38 Asia/Tokyo]    
[15-Aug-2020 04:16:38 Asia/Tokyo] POST['next']が空では無いときの処理です index.php(187)：Array
(
    [next] => 1
)

[15-Aug-2020 04:16:53 Asia/Tokyo] SESSIONの中身 answer.phpArray
(
    [current_num] => 0
    [correct_count] => 0
    [easy] => 0
    [normal] => 2
    [hard] => 0
)

[15-Aug-2020 04:16:53 Asia/Tokyo]    
[15-Aug-2020 04:16:53 Asia/Tokyo] Ajax処理でPOSTされているか確認 answer.php：デッドリフト
[15-Aug-2020 04:16:53 Asia/Tokyo]    
[15-Aug-2020 04:16:53 Asia/Tokyo] $_SESSION[current_num]チェック前0
[15-Aug-2020 04:16:53 Asia/Tokyo]    
[15-Aug-2020 04:16:53 Asia/Tokyo] $_SESSION[current_num]チェック後1
[15-Aug-2020 04:16:53 Asia/Tokyo]    
[15-Aug-2020 04:16:53 Asia/Tokyo] 配列から引っ張ってきた答え answer.php：デッドリフト
[15-Aug-2020 04:16:53 Asia/Tokyo]    
[15-Aug-2020 04:16:53 Asia/Tokyo] 答えの中身 answer.php：デッドリフト
[15-Aug-2020 04:16:53 Asia/Tokyo]    
[15-Aug-2020 04:16:57 Asia/Tokyo] SESSIONの途中経過です。フラグ確認 index.php(19)：  Array
(
    [current_num] => 1
    [correct_count] => 1
    [easy] => 0
    [normal] => 2
    [hard] => 0
)

[15-Aug-2020 04:16:57 Asia/Tokyo]    
[15-Aug-2020 04:16:57 Asia/Tokyo] 画像配列の中身：img/img03.jpg
[15-Aug-2020 04:16:57 Asia/Tokyo]    
[15-Aug-2020 04:16:57 Asia/Tokyo] POST['next']が空では無いときの処理です index.php(187)：Array
(
    [next] => 1
)

[15-Aug-2020 04:17:10 Asia/Tokyo] SESSIONの中身 answer.phpArray
(
    [current_num] => 1
    [correct_count] => 1
    [easy] => 0
    [normal] => 2
    [hard] => 0
)

[15-Aug-2020 04:17:10 Asia/Tokyo]    
[15-Aug-2020 04:17:10 Asia/Tokyo] Ajax処理でPOSTされているか確認 answer.php：腹筋
[15-Aug-2020 04:17:10 Asia/Tokyo]    
[15-Aug-2020 04:17:10 Asia/Tokyo] $_SESSION[current_num]チェック前1
[15-Aug-2020 04:17:10 Asia/Tokyo]    
[15-Aug-2020 04:17:10 Asia/Tokyo] $_SESSION[current_num]チェック後2
[15-Aug-2020 04:17:10 Asia/Tokyo]    
[15-Aug-2020 04:17:10 Asia/Tokyo] 配列から引っ張ってきた答え answer.php：腹筋
[15-Aug-2020 04:17:10 Asia/Tokyo]    
[15-Aug-2020 04:17:10 Asia/Tokyo] 答えの中身 answer.php：腹筋
[15-Aug-2020 04:17:10 Asia/Tokyo]    
[15-Aug-2020 04:17:12 Asia/Tokyo] SESSIONの途中経過です。フラグ確認 index.php(19)：  Array
(
    [current_num] => 2
    [correct_count] => 2
    [easy] => 0
    [normal] => 2
    [hard] => 0
)

[15-Aug-2020 04:17:12 Asia/Tokyo]    
[15-Aug-2020 04:17:12 Asia/Tokyo] 画像配列の中身：img/img02.jpg
[15-Aug-2020 04:17:12 Asia/Tokyo]    
[15-Aug-2020 04:17:12 Asia/Tokyo] POST['next']が空では無いときの処理です index.php(187)：Array
(
    [next] => 1
)

[15-Aug-2020 04:19:46 Asia/Tokyo] POSTの無いときの処理です
[15-Aug-2020 04:19:46 Asia/Tokyo]    
[15-Aug-2020 04:21:59 Asia/Tokyo] SESSIONをセットしました construct処理(36)：Array
(
    [current_num] => 0
    [correct_count] => 0
    [easy] => 0
    [normal] => 0
    [hard] => 0
)

[15-Aug-2020 04:21:59 Asia/Tokyo]    
[15-Aug-2020 04:21:59 Asia/Tokyo] debagg u：
[15-Aug-2020 04:21:59 Asia/Tokyo]    
[15-Aug-2020 04:21:59 Asia/Tokyo] POSTの無いときの処理です
[15-Aug-2020 04:21:59 Asia/Tokyo]    
[15-Aug-2020 04:21:59 Asia/Tokyo] defaultの処理です ：QuizFinishメソッド
[15-Aug-2020 04:21:59 Asia/Tokyo]    
[15-Aug-2020 04:24:14 Asia/Tokyo] SESSIONをセットしました construct処理(36)：Array
(
    [current_num] => 0
    [correct_count] => 0
    [easy] => 0
    [normal] => 0
    [hard] => 0
)

[15-Aug-2020 04:24:14 Asia/Tokyo]    
[15-Aug-2020 04:24:14 Asia/Tokyo] debagg u：
[15-Aug-2020 04:24:14 Asia/Tokyo]    
[15-Aug-2020 04:24:14 Asia/Tokyo] POSTの無いときの処理です
[15-Aug-2020 04:24:14 Asia/Tokyo]    
[15-Aug-2020 04:24:14 Asia/Tokyo] defaultの処理です ：QuizFinishメソッド
[15-Aug-2020 04:24:14 Asia/Tokyo]    
[15-Aug-2020 04:24:27 Asia/Tokyo] SESSIONの途中経過です。フラグ確認 index.php(19)：  Array
(
    [current_num] => 0
    [correct_count] => 0
    [easy] => 0
    [normal] => 2
    [hard] => 0
)

[15-Aug-2020 04:24:27 Asia/Tokyo]    
[15-Aug-2020 04:24:27 Asia/Tokyo] 画像配列の中身：img/img04.jpg
[15-Aug-2020 04:24:27 Asia/Tokyo]    
[15-Aug-2020 04:24:27 Asia/Tokyo] POST['next']が空だったときの処理です。Array
(
    [normal] => 2
)

[15-Aug-2020 04:24:27 Asia/Tokyo]    
[15-Aug-2020 04:24:36 Asia/Tokyo] SESSIONの途中経過です。フラグ確認 index.php(19)：  Array
(
    [current_num] => 0
    [correct_count] => 0
    [easy] => 0
    [normal] => 2
    [hard] => 0
)

[15-Aug-2020 04:24:36 Asia/Tokyo]    
[15-Aug-2020 04:24:36 Asia/Tokyo] 画像配列の中身：img/img02.jpg
[15-Aug-2020 04:24:36 Asia/Tokyo]    
[15-Aug-2020 04:24:36 Asia/Tokyo] POST['next']が空では無いときの処理です index.php(187)：Array
(
    [next] => 1
)

[15-Aug-2020 04:24:42 Asia/Tokyo] SESSIONの中身 answer.phpArray
(
    [current_num] => 0
    [correct_count] => 0
    [easy] => 0
    [normal] => 2
    [hard] => 0
)

[15-Aug-2020 04:24:42 Asia/Tokyo]    
[15-Aug-2020 04:24:42 Asia/Tokyo] Ajax処理でPOSTされているか確認 answer.php：スーパーリフト
[15-Aug-2020 04:24:42 Asia/Tokyo]    
[15-Aug-2020 04:24:42 Asia/Tokyo] $_SESSION[current_num]チェック前0
[15-Aug-2020 04:24:42 Asia/Tokyo]    
[15-Aug-2020 04:24:42 Asia/Tokyo] $_SESSION[current_num]チェック後1
[15-Aug-2020 04:24:42 Asia/Tokyo]    
[15-Aug-2020 04:24:42 Asia/Tokyo] 配列から引っ張ってきた答え answer.php：デッドリフト
[15-Aug-2020 04:24:42 Asia/Tokyo]    
[15-Aug-2020 04:24:42 Asia/Tokyo] 答えの中身 answer.php：デッドリフト
[15-Aug-2020 04:24:42 Asia/Tokyo]    
[15-Aug-2020 04:24:45 Asia/Tokyo] SESSIONの途中経過です。フラグ確認 index.php(19)：  Array
(
    [current_num] => 1
    [correct_count] => 0
    [easy] => 0
    [normal] => 2
    [hard] => 0
)

[15-Aug-2020 04:24:45 Asia/Tokyo]    
[15-Aug-2020 04:24:45 Asia/Tokyo] 画像配列の中身：img/img03.jpg
[15-Aug-2020 04:24:45 Asia/Tokyo]    
[15-Aug-2020 04:24:45 Asia/Tokyo] POST['next']が空では無いときの処理です index.php(187)：Array
(
    [next] => 1
)

[15-Aug-2020 04:24:49 Asia/Tokyo] SESSIONの中身 answer.phpArray
(
    [current_num] => 1
    [correct_count] => 0
    [easy] => 0
    [normal] => 2
    [hard] => 0
)

[15-Aug-2020 04:24:49 Asia/Tokyo]    
[15-Aug-2020 04:24:49 Asia/Tokyo] Ajax処理でPOSTされているか確認 answer.php：大腿四頭筋
[15-Aug-2020 04:24:49 Asia/Tokyo]    
[15-Aug-2020 04:24:49 Asia/Tokyo] $_SESSION[current_num]チェック前1
[15-Aug-2020 04:24:49 Asia/Tokyo]    
[15-Aug-2020 04:24:49 Asia/Tokyo] $_SESSION[current_num]チェック後2
[15-Aug-2020 04:24:49 Asia/Tokyo]    
[15-Aug-2020 04:24:49 Asia/Tokyo] 配列から引っ張ってきた答え answer.php：腹筋
[15-Aug-2020 04:24:49 Asia/Tokyo]    
[15-Aug-2020 04:24:49 Asia/Tokyo] 答えの中身 answer.php：腹筋
[15-Aug-2020 04:24:49 Asia/Tokyo]    
[15-Aug-2020 04:24:51 Asia/Tokyo] SESSIONの途中経過です。フラグ確認 index.php(19)：  Array
(
    [current_num] => 2
    [correct_count] => 0
    [easy] => 0
    [normal] => 2
    [hard] => 0
)

[15-Aug-2020 04:24:51 Asia/Tokyo]    
[15-Aug-2020 04:24:51 Asia/Tokyo] 画像配列の中身：img/img04.jpg
[15-Aug-2020 04:24:51 Asia/Tokyo]    
[15-Aug-2020 04:24:51 Asia/Tokyo] POST['next']が空では無いときの処理です index.php(187)：Array
(
    [next] => 1
)

[15-Aug-2020 04:24:54 Asia/Tokyo] SESSIONの中身 answer.phpArray
(
    [current_num] => 2
    [correct_count] => 0
    [easy] => 0
    [normal] => 2
    [hard] => 0
)

[15-Aug-2020 04:24:54 Asia/Tokyo]    
[15-Aug-2020 04:24:54 Asia/Tokyo] Ajax処理でPOSTされているか確認 answer.php：30分
[15-Aug-2020 04:24:54 Asia/Tokyo]    
[15-Aug-2020 04:24:54 Asia/Tokyo] $_SESSION[current_num]チェック前2
[15-Aug-2020 04:24:54 Asia/Tokyo]    
[15-Aug-2020 04:24:54 Asia/Tokyo] $_SESSION[current_num]チェック後3
[15-Aug-2020 04:24:54 Asia/Tokyo]    
[15-Aug-2020 04:24:54 Asia/Tokyo] 配列から引っ張ってきた答え answer.php：20分
[15-Aug-2020 04:24:54 Asia/Tokyo]    
[15-Aug-2020 04:24:54 Asia/Tokyo] 答えの中身 answer.php：20分
[15-Aug-2020 04:24:54 Asia/Tokyo]    
[15-Aug-2020 04:24:57 Asia/Tokyo] SESSIONの途中経過です。フラグ確認 index.php(19)：  Array
(
    [current_num] => 3
    [correct_count] => 0
    [easy] => 0
    [normal] => 2
    [hard] => 0
)

[15-Aug-2020 04:24:57 Asia/Tokyo]    
[15-Aug-2020 04:24:57 Asia/Tokyo] 画像配列の中身：img/img03.jpg
[15-Aug-2020 04:24:57 Asia/Tokyo]    
[15-Aug-2020 04:24:57 Asia/Tokyo] POST['next']が空では無いときの処理です index.php(187)：Array
(
    [next] => 1
)

[15-Aug-2020 04:25:00 Asia/Tokyo] SESSIONの中身 answer.phpArray
(
    [current_num] => 3
    [correct_count] => 0
    [easy] => 0
    [normal] => 2
    [hard] => 0
)

[15-Aug-2020 04:25:00 Asia/Tokyo]    
[15-Aug-2020 04:25:00 Asia/Tokyo] Ajax処理でPOSTされているか確認 answer.php：ファーストレップス法
[15-Aug-2020 04:25:00 Asia/Tokyo]    
[15-Aug-2020 04:25:00 Asia/Tokyo] $_SESSION[current_num]チェック前3
[15-Aug-2020 04:25:00 Asia/Tokyo]    
[15-Aug-2020 04:25:00 Asia/Tokyo] $_SESSION[current_num]チェック後4
[15-Aug-2020 04:25:00 Asia/Tokyo]    
[15-Aug-2020 04:25:00 Asia/Tokyo] 配列から引っ張ってきた答え answer.php：スーパーセット法
[15-Aug-2020 04:25:00 Asia/Tokyo]    
[15-Aug-2020 04:25:00 Asia/Tokyo] 答えの中身 answer.php：スーパーセット法
[15-Aug-2020 04:25:00 Asia/Tokyo]    
[15-Aug-2020 04:25:04 Asia/Tokyo] SESSIONの途中経過です。フラグ確認 index.php(19)：  Array
(
    [current_num] => 4
    [correct_count] => 0
    [easy] => 0
    [normal] => 2
    [hard] => 0
)

[15-Aug-2020 04:25:04 Asia/Tokyo]    
[15-Aug-2020 04:25:04 Asia/Tokyo] 画像配列の中身：img/img03.jpg
[15-Aug-2020 04:25:04 Asia/Tokyo]    
[15-Aug-2020 04:25:04 Asia/Tokyo] POST['next']が空では無いときの処理です index.php(187)：Array
(
    [next] => 1
)

[15-Aug-2020 04:25:06 Asia/Tokyo] SESSIONの中身 answer.phpArray
(
    [current_num] => 4
    [correct_count] => 0
    [easy] => 0
    [normal] => 2
    [hard] => 0
)

[15-Aug-2020 04:25:06 Asia/Tokyo]    
[15-Aug-2020 04:25:06 Asia/Tokyo] Ajax処理でPOSTされているか確認 answer.php：コンパウントセット法
[15-Aug-2020 04:25:06 Asia/Tokyo]    
[15-Aug-2020 04:25:06 Asia/Tokyo] $_SESSION[current_num]チェック前4
[15-Aug-2020 04:25:06 Asia/Tokyo]    
[15-Aug-2020 04:25:06 Asia/Tokyo] $_SESSION[current_num]チェック後5
[15-Aug-2020 04:25:06 Asia/Tokyo]    
[15-Aug-2020 04:25:06 Asia/Tokyo] 配列から引っ張ってきた答え answer.php：コンパウントセット法
[15-Aug-2020 04:25:06 Asia/Tokyo]    
[15-Aug-2020 04:25:06 Asia/Tokyo] 答えの中身 answer.php：コンパウントセット法
[15-Aug-2020 04:25:06 Asia/Tokyo]    
[15-Aug-2020 04:25:11 Asia/Tokyo] SESSIONの途中経過です。フラグ確認 index.php(19)：  Array
(
    [current_num] => 5
    [correct_count] => 1
    [easy] => 0
    [normal] => 2
    [hard] => 0
)

[15-Aug-2020 04:25:11 Asia/Tokyo]    
[15-Aug-2020 04:25:11 Asia/Tokyo] 画像配列の中身：img/img03.jpg
[15-Aug-2020 04:25:11 Asia/Tokyo]    
[15-Aug-2020 04:25:11 Asia/Tokyo] POST['next']が空では無いときの処理です index.php(187)：Array
(
    [next] => 1
)

[15-Aug-2020 04:25:13 Asia/Tokyo] SESSIONの中身 answer.phpArray
(
    [current_num] => 5
    [correct_count] => 1
    [easy] => 0
    [normal] => 2
    [hard] => 0
)

[15-Aug-2020 04:25:13 Asia/Tokyo]    
[15-Aug-2020 04:25:13 Asia/Tokyo] Ajax処理でPOSTされているか確認 answer.php：24時間
[15-Aug-2020 04:25:13 Asia/Tokyo]    
[15-Aug-2020 04:25:13 Asia/Tokyo] $_SESSION[current_num]チェック前5
[15-Aug-2020 04:25:13 Asia/Tokyo]    
[15-Aug-2020 04:25:13 Asia/Tokyo] $_SESSION[current_num]チェック後6
[15-Aug-2020 04:25:13 Asia/Tokyo]    
[15-Aug-2020 04:25:13 Asia/Tokyo] 配列から引っ張ってきた答え answer.php：24時間
[15-Aug-2020 04:25:13 Asia/Tokyo]    
[15-Aug-2020 04:25:13 Asia/Tokyo] 答えの中身 answer.php：24時間
[15-Aug-2020 04:25:13 Asia/Tokyo]    
[15-Aug-2020 04:25:17 Asia/Tokyo] SESSIONの途中経過です。フラグ確認 index.php(19)：  Array
(
    [current_num] => 6
    [correct_count] => 2
    [easy] => 0
    [normal] => 2
    [hard] => 0
)

[15-Aug-2020 04:25:17 Asia/Tokyo]    
[15-Aug-2020 04:25:17 Asia/Tokyo] 画像配列の中身：img/img05.jpg
[15-Aug-2020 04:25:17 Asia/Tokyo]    
[15-Aug-2020 04:25:17 Asia/Tokyo] normalの終了画面処理です
[15-Aug-2020 04:25:17 Asia/Tokyo]    
[15-Aug-2020 04:26:49 Asia/Tokyo] POSTの無いときの処理です
[15-Aug-2020 04:26:49 Asia/Tokyo]    
[15-Aug-2020 04:26:49 Asia/Tokyo] normalの終了画面処理です
[15-Aug-2020 04:26:49 Asia/Tokyo]    
[15-Aug-2020 04:27:34 Asia/Tokyo] POSTの無いときの処理です
[15-Aug-2020 04:27:34 Asia/Tokyo]    
[15-Aug-2020 04:27:34 Asia/Tokyo] normalの終了画面処理です
[15-Aug-2020 04:27:34 Asia/Tokyo]    
[15-Aug-2020 04:27:34 Asia/Tokyo] POSTの無いときの処理です
[15-Aug-2020 04:27:34 Asia/Tokyo]    
[15-Aug-2020 04:27:34 Asia/Tokyo] normalの終了画面処理です
[15-Aug-2020 04:27:34 Asia/Tokyo]    
[15-Aug-2020 04:27:54 Asia/Tokyo] POSTの無いときの処理です
[15-Aug-2020 04:27:54 Asia/Tokyo]    
[15-Aug-2020 04:29:15 Asia/Tokyo] SESSIONをセットしました construct処理(36)：Array
(
    [current_num] => 0
    [correct_count] => 0
    [easy] => 0
    [normal] => 0
    [hard] => 0
)

[15-Aug-2020 04:29:15 Asia/Tokyo]    
[15-Aug-2020 04:29:15 Asia/Tokyo] debagg u：
[15-Aug-2020 04:29:15 Asia/Tokyo]    
[15-Aug-2020 04:29:15 Asia/Tokyo] POSTの無いときの処理です
[15-Aug-2020 04:29:15 Asia/Tokyo]    
[15-Aug-2020 04:29:15 Asia/Tokyo] defaultの処理です ：QuizFinishメソッド
[15-Aug-2020 04:29:15 Asia/Tokyo]    
[15-Aug-2020 04:29:25 Asia/Tokyo] SESSIONの途中経過です。フラグ確認 index.php(19)：  Array
(
    [current_num] => 0
    [correct_count] => 0
    [easy] => 0
    [normal] => 0
    [hard] => 3
)

[15-Aug-2020 04:29:25 Asia/Tokyo]    
[15-Aug-2020 04:29:25 Asia/Tokyo] 画像配列の中身：img/img02.jpg
[15-Aug-2020 04:29:25 Asia/Tokyo]    
[15-Aug-2020 04:29:25 Asia/Tokyo] POST['next']が空だったときの処理です。Array
(
    [hard] => 3
)

[15-Aug-2020 04:29:25 Asia/Tokyo]    
[15-Aug-2020 04:29:28 Asia/Tokyo] SESSIONの途中経過です。フラグ確認 index.php(19)：  Array
(
    [current_num] => 0
    [correct_count] => 0
    [easy] => 0
    [normal] => 0
    [hard] => 3
)

[15-Aug-2020 04:29:28 Asia/Tokyo]    
[15-Aug-2020 04:29:28 Asia/Tokyo] 画像配列の中身：img/img04.jpg
[15-Aug-2020 04:29:28 Asia/Tokyo]    
[15-Aug-2020 04:29:28 Asia/Tokyo] POST['next']が空では無いときの処理です index.php(187)：Array
(
    [next] => 1
)

[15-Aug-2020 04:32:15 Asia/Tokyo] SESSIONをセットしました construct処理(36)：Array
(
    [current_num] => 0
    [correct_count] => 0
    [easy] => 0
    [normal] => 0
    [hard] => 0
)

[15-Aug-2020 04:32:15 Asia/Tokyo]    
[15-Aug-2020 04:32:15 Asia/Tokyo] debagg u：
[15-Aug-2020 04:32:15 Asia/Tokyo]    
[15-Aug-2020 04:32:15 Asia/Tokyo] POSTの無いときの処理です
[15-Aug-2020 04:32:15 Asia/Tokyo]    
[15-Aug-2020 04:32:15 Asia/Tokyo] defaultの処理です ：QuizFinishメソッド
[15-Aug-2020 04:32:15 Asia/Tokyo]    
[15-Aug-2020 04:33:20 Asia/Tokyo] SESSIONをセットしました construct処理(36)：Array
(
    [current_num] => 0
    [correct_count] => 0
    [easy] => 0
    [normal] => 0
    [hard] => 0
)

[15-Aug-2020 04:33:20 Asia/Tokyo]    
[15-Aug-2020 04:33:20 Asia/Tokyo] debagg u：
[15-Aug-2020 04:33:20 Asia/Tokyo]    
[15-Aug-2020 04:33:20 Asia/Tokyo] POSTの無いときの処理です
[15-Aug-2020 04:33:20 Asia/Tokyo]    
[15-Aug-2020 04:33:20 Asia/Tokyo] defaultの処理です ：QuizFinishメソッド
[15-Aug-2020 04:33:20 Asia/Tokyo]    
[15-Aug-2020 04:33:40 Asia/Tokyo] POSTの無いときの処理です
[15-Aug-2020 04:33:40 Asia/Tokyo]    
[15-Aug-2020 04:33:40 Asia/Tokyo] defaultの処理です ：QuizFinishメソッド
[15-Aug-2020 04:33:40 Asia/Tokyo]    
[15-Aug-2020 04:33:46 Asia/Tokyo] POSTの無いときの処理です
[15-Aug-2020 04:33:46 Asia/Tokyo]    
[15-Aug-2020 04:33:46 Asia/Tokyo] defaultの処理です ：QuizFinishメソッド
[15-Aug-2020 04:33:46 Asia/Tokyo]    
[15-Aug-2020 04:33:52 Asia/Tokyo] SESSIONの途中経過です。フラグ確認 index.php(19)：  Array
(
    [current_num] => 0
    [correct_count] => 0
    [easy] => 0
    [normal] => 0
    [hard] => 3
)

[15-Aug-2020 04:33:52 Asia/Tokyo]    
[15-Aug-2020 04:33:52 Asia/Tokyo] 画像配列の中身：img/img04.jpg
[15-Aug-2020 04:33:52 Asia/Tokyo]    
[15-Aug-2020 04:33:52 Asia/Tokyo] POST['next']が空だったときの処理です。Array
(
    [hard] => 3
)

[15-Aug-2020 04:33:52 Asia/Tokyo]    
[15-Aug-2020 04:34:38 Asia/Tokyo] SESSIONをセットしました construct処理(36)：Array
(
    [current_num] => 0
    [correct_count] => 0
    [easy] => 0
    [normal] => 0
    [hard] => 0
)

[15-Aug-2020 04:34:38 Asia/Tokyo]    
[15-Aug-2020 04:34:38 Asia/Tokyo] debagg u：
[15-Aug-2020 04:34:38 Asia/Tokyo]    
[15-Aug-2020 04:34:38 Asia/Tokyo] POSTの無いときの処理です
[15-Aug-2020 04:34:38 Asia/Tokyo]    
[15-Aug-2020 04:34:38 Asia/Tokyo] defaultの処理です ：QuizFinishメソッド
[15-Aug-2020 04:34:38 Asia/Tokyo]    
[15-Aug-2020 04:34:48 Asia/Tokyo] SESSIONの途中経過です。フラグ確認 index.php(19)：  Array
(
    [current_num] => 0
    [correct_count] => 0
    [easy] => 0
    [normal] => 2
    [hard] => 0
)

[15-Aug-2020 04:34:48 Asia/Tokyo]    
[15-Aug-2020 04:34:48 Asia/Tokyo] 画像配列の中身：img/img01.jpg
[15-Aug-2020 04:34:48 Asia/Tokyo]    
[15-Aug-2020 04:34:48 Asia/Tokyo] POST['next']が空だったときの処理です。Array
(
    [normal] => 2
)

[15-Aug-2020 04:34:48 Asia/Tokyo]    
[15-Aug-2020 04:35:07 Asia/Tokyo] SESSIONの途中経過です。フラグ確認 index.php(19)：  Array
(
    [current_num] => 0
    [correct_count] => 0
    [easy] => 0
    [normal] => 2
    [hard] => 0
)

[15-Aug-2020 04:35:07 Asia/Tokyo]    
[15-Aug-2020 04:35:07 Asia/Tokyo] 画像配列の中身：img/img04.jpg
[15-Aug-2020 04:35:07 Asia/Tokyo]    
[15-Aug-2020 04:35:07 Asia/Tokyo] POST['next']が空だったときの処理です。Array
(
    [normal] => 2
)

[15-Aug-2020 04:35:07 Asia/Tokyo]    
[15-Aug-2020 04:36:52 Asia/Tokyo] SESSIONをセットしました construct処理(36)：Array
(
    [current_num] => 0
    [correct_count] => 0
    [easy] => 0
    [normal] => 0
    [hard] => 0
)

[15-Aug-2020 04:36:52 Asia/Tokyo]    
[15-Aug-2020 04:36:52 Asia/Tokyo] debagg u：
[15-Aug-2020 04:36:52 Asia/Tokyo]    
[15-Aug-2020 04:36:52 Asia/Tokyo] POSTの無いときの処理です
[15-Aug-2020 04:36:52 Asia/Tokyo]    
[15-Aug-2020 04:36:52 Asia/Tokyo] defaultの処理です ：QuizFinishメソッド
[15-Aug-2020 04:36:52 Asia/Tokyo]    
[15-Aug-2020 04:36:57 Asia/Tokyo] POSTの無いときの処理です
[15-Aug-2020 04:36:57 Asia/Tokyo]    
[15-Aug-2020 04:36:57 Asia/Tokyo] defaultの処理です ：QuizFinishメソッド
[15-Aug-2020 04:36:57 Asia/Tokyo]    
[15-Aug-2020 04:37:00 Asia/Tokyo] SESSIONの途中経過です。フラグ確認 index.php(19)：  Array
(
    [current_num] => 0
    [correct_count] => 0
    [easy] => 0
    [normal] => 0
    [hard] => 3
)

[15-Aug-2020 04:37:00 Asia/Tokyo]    
[15-Aug-2020 04:37:00 Asia/Tokyo] 画像配列の中身：img/img05.jpg
[15-Aug-2020 04:37:00 Asia/Tokyo]    
[15-Aug-2020 04:37:00 Asia/Tokyo] POST['next']が空だったときの処理です。Array
(
    [hard] => 3
)

[15-Aug-2020 04:37:00 Asia/Tokyo]    
[15-Aug-2020 04:46:22 Asia/Tokyo] POSTの無いときの処理です
[15-Aug-2020 04:46:22 Asia/Tokyo]    
[15-Aug-2020 04:46:25 Asia/Tokyo] SESSIONの途中経過です。フラグ確認 index.php(19)：  Array
(
    [current_num] => 0
    [correct_count] => 0
    [easy] => 0
    [normal] => 2
    [hard] => 3
)

[15-Aug-2020 04:46:25 Asia/Tokyo]    
[15-Aug-2020 04:46:25 Asia/Tokyo] 画像配列の中身：img/img04.jpg
[15-Aug-2020 04:46:25 Asia/Tokyo]    
[15-Aug-2020 04:46:25 Asia/Tokyo] POST['next']が空だったときの処理です。Array
(
    [normal] => 2
)

[15-Aug-2020 04:46:25 Asia/Tokyo]    
[15-Aug-2020 04:47:24 Asia/Tokyo] SESSIONの途中経過です。フラグ確認 index.php(19)：  Array
(
    [current_num] => 0
    [correct_count] => 0
    [easy] => 0
    [normal] => 2
    [hard] => 3
)

[15-Aug-2020 04:47:24 Asia/Tokyo]    
[15-Aug-2020 04:47:24 Asia/Tokyo] 画像配列の中身：img/img02.jpg
[15-Aug-2020 04:47:24 Asia/Tokyo]    
[15-Aug-2020 04:47:24 Asia/Tokyo] POST['next']が空だったときの処理です。Array
(
    [normal] => 2
)

[15-Aug-2020 04:47:24 Asia/Tokyo]    
[15-Aug-2020 04:47:33 Asia/Tokyo] SESSIONをセットしました construct処理(36)：Array
(
    [current_num] => 0
    [correct_count] => 0
    [easy] => 0
    [normal] => 0
    [hard] => 0
)

[15-Aug-2020 04:47:33 Asia/Tokyo]    
[15-Aug-2020 04:47:33 Asia/Tokyo] debagg u：
[15-Aug-2020 04:47:33 Asia/Tokyo]    
[15-Aug-2020 04:47:33 Asia/Tokyo] POSTの無いときの処理です
[15-Aug-2020 04:47:33 Asia/Tokyo]    
[15-Aug-2020 04:47:33 Asia/Tokyo] defaultの処理です ：QuizFinishメソッド
[15-Aug-2020 04:47:33 Asia/Tokyo]    
[15-Aug-2020 04:47:35 Asia/Tokyo] SESSIONの途中経過です。フラグ確認 index.php(19)：  Array
(
    [current_num] => 0
    [correct_count] => 0
    [easy] => 0
    [normal] => 2
    [hard] => 0
)

[15-Aug-2020 04:47:35 Asia/Tokyo]    
[15-Aug-2020 04:47:35 Asia/Tokyo] 画像配列の中身：img/img02.jpg
[15-Aug-2020 04:47:35 Asia/Tokyo]    
[15-Aug-2020 04:47:35 Asia/Tokyo] POST['next']が空だったときの処理です。Array
(
    [normal] => 2
)

[15-Aug-2020 04:47:35 Asia/Tokyo]    
[15-Aug-2020 04:47:39 Asia/Tokyo] SESSIONの途中経過です。フラグ確認 index.php(19)：  Array
(
    [current_num] => 0
    [correct_count] => 0
    [easy] => 0
    [normal] => 2
    [hard] => 0
)

[15-Aug-2020 04:47:39 Asia/Tokyo]    
[15-Aug-2020 04:47:39 Asia/Tokyo] 画像配列の中身：img/img03.jpg
[15-Aug-2020 04:47:39 Asia/Tokyo]    
[15-Aug-2020 04:47:39 Asia/Tokyo] POST['next']が空では無いときの処理です index.php(187)：Array
(
    [next] => 1
)

[15-Aug-2020 04:48:19 Asia/Tokyo] SESSIONの途中経過です。フラグ確認 index.php(19)：  Array
(
    [current_num] => 0
    [correct_count] => 0
    [easy] => 0
    [normal] => 2
    [hard] => 0
)

[15-Aug-2020 04:48:19 Asia/Tokyo]    
[15-Aug-2020 04:48:19 Asia/Tokyo] 画像配列の中身：img/img03.jpg
[15-Aug-2020 04:48:19 Asia/Tokyo]    
[15-Aug-2020 04:48:19 Asia/Tokyo] POST['next']が空では無いときの処理です index.php(187)：Array
(
    [next] => 1
)

[15-Aug-2020 04:48:20 Asia/Tokyo] SESSIONの途中経過です。フラグ確認 index.php(19)：  Array
(
    [current_num] => 0
    [correct_count] => 0
    [easy] => 0
    [normal] => 2
    [hard] => 0
)

[15-Aug-2020 04:48:20 Asia/Tokyo]    
[15-Aug-2020 04:48:20 Asia/Tokyo] 画像配列の中身：img/img01.jpg
[15-Aug-2020 04:48:20 Asia/Tokyo]    
[15-Aug-2020 04:48:20 Asia/Tokyo] POST['next']が空では無いときの処理です index.php(187)：Array
(
    [next] => 1
)

[15-Aug-2020 04:48:22 Asia/Tokyo] SESSIONの途中経過です。フラグ確認 index.php(19)：  Array
(
    [current_num] => 0
    [correct_count] => 0
    [easy] => 0
    [normal] => 2
    [hard] => 0
)

[15-Aug-2020 04:48:22 Asia/Tokyo]    
[15-Aug-2020 04:48:22 Asia/Tokyo] 画像配列の中身：img/img05.jpg
[15-Aug-2020 04:48:22 Asia/Tokyo]    
[15-Aug-2020 04:48:22 Asia/Tokyo] POST['next']が空では無いときの処理です index.php(187)：Array
(
    [next] => 1
)

[15-Aug-2020 04:48:26 Asia/Tokyo] SESSIONの途中経過です。フラグ確認 index.php(19)：  Array
(
    [current_num] => 0
    [correct_count] => 0
    [easy] => 0
    [normal] => 2
    [hard] => 0
)

[15-Aug-2020 04:48:26 Asia/Tokyo]    
[15-Aug-2020 04:48:26 Asia/Tokyo] 画像配列の中身：img/img02.jpg
[15-Aug-2020 04:48:26 Asia/Tokyo]    
[15-Aug-2020 04:48:26 Asia/Tokyo] POST['next']が空では無いときの処理です index.php(187)：Array
(
    [next] => 1
)

[15-Aug-2020 04:48:27 Asia/Tokyo] SESSIONの途中経過です。フラグ確認 index.php(19)：  Array
(
    [current_num] => 0
    [correct_count] => 0
    [easy] => 0
    [normal] => 2
    [hard] => 0
)

[15-Aug-2020 04:48:27 Asia/Tokyo]    
[15-Aug-2020 04:48:27 Asia/Tokyo] 画像配列の中身：img/img05.jpg
[15-Aug-2020 04:48:27 Asia/Tokyo]    
[15-Aug-2020 04:48:27 Asia/Tokyo] POST['next']が空では無いときの処理です index.php(187)：Array
(
    [next] => 1
)

[15-Aug-2020 04:48:27 Asia/Tokyo] SESSIONの途中経過です。フラグ確認 index.php(19)：  Array
(
    [current_num] => 0
    [correct_count] => 0
    [easy] => 0
    [normal] => 2
    [hard] => 0
)

[15-Aug-2020 04:48:27 Asia/Tokyo]    
[15-Aug-2020 04:48:27 Asia/Tokyo] 画像配列の中身：img/img05.jpg
[15-Aug-2020 04:48:27 Asia/Tokyo]    
[15-Aug-2020 04:48:27 Asia/Tokyo] POST['next']が空では無いときの処理です index.php(187)：Array
(
    [next] => 1
)

[15-Aug-2020 04:48:28 Asia/Tokyo] SESSIONの途中経過です。フラグ確認 index.php(19)：  Array
(
    [current_num] => 0
    [correct_count] => 0
    [easy] => 0
    [normal] => 2
    [hard] => 0
)

[15-Aug-2020 04:48:28 Asia/Tokyo]    
[15-Aug-2020 04:48:28 Asia/Tokyo] 画像配列の中身：img/img01.jpg
[15-Aug-2020 04:48:28 Asia/Tokyo]    
[15-Aug-2020 04:48:28 Asia/Tokyo] POST['next']が空では無いときの処理です index.php(187)：Array
(
    [next] => 1
)

[15-Aug-2020 04:48:29 Asia/Tokyo] SESSIONの途中経過です。フラグ確認 index.php(19)：  Array
(
    [current_num] => 0
    [correct_count] => 0
    [easy] => 0
    [normal] => 2
    [hard] => 0
)

[15-Aug-2020 04:48:29 Asia/Tokyo]    
[15-Aug-2020 04:48:29 Asia/Tokyo] 画像配列の中身：img/img04.jpg
[15-Aug-2020 04:48:29 Asia/Tokyo]    
[15-Aug-2020 04:48:29 Asia/Tokyo] POST['next']が空では無いときの処理です index.php(187)：Array
(
    [next] => 1
)

[15-Aug-2020 04:48:29 Asia/Tokyo] SESSIONの途中経過です。フラグ確認 index.php(19)：  Array
(
    [current_num] => 0
    [correct_count] => 0
    [easy] => 0
    [normal] => 2
    [hard] => 0
)

[15-Aug-2020 04:48:29 Asia/Tokyo]    
[15-Aug-2020 04:48:29 Asia/Tokyo] 画像配列の中身：img/img01.jpg
[15-Aug-2020 04:48:29 Asia/Tokyo]    
[15-Aug-2020 04:48:29 Asia/Tokyo] POST['next']が空では無いときの処理です index.php(187)：Array
(
    [next] => 1
)

[15-Aug-2020 04:48:30 Asia/Tokyo] SESSIONの途中経過です。フラグ確認 index.php(19)：  Array
(
    [current_num] => 0
    [correct_count] => 0
    [easy] => 0
    [normal] => 2
    [hard] => 0
)

[15-Aug-2020 04:48:30 Asia/Tokyo]    
[15-Aug-2020 04:48:30 Asia/Tokyo] 画像配列の中身：img/img04.jpg
[15-Aug-2020 04:48:30 Asia/Tokyo]    
[15-Aug-2020 04:48:30 Asia/Tokyo] POST['next']が空では無いときの処理です index.php(187)：Array
(
    [next] => 1
)

[15-Aug-2020 04:48:43 Asia/Tokyo] SESSIONをセットしました construct処理(36)：Array
(
    [current_num] => 0
    [correct_count] => 0
    [easy] => 0
    [normal] => 0
    [hard] => 0
)

[15-Aug-2020 04:48:43 Asia/Tokyo]    
[15-Aug-2020 04:48:43 Asia/Tokyo] debagg u：
[15-Aug-2020 04:48:43 Asia/Tokyo]    
[15-Aug-2020 04:48:43 Asia/Tokyo] POSTの無いときの処理です
[15-Aug-2020 04:48:43 Asia/Tokyo]    
[15-Aug-2020 04:48:43 Asia/Tokyo] defaultの処理です ：QuizFinishメソッド
[15-Aug-2020 04:48:43 Asia/Tokyo]    
[15-Aug-2020 04:48:46 Asia/Tokyo] SESSIONの途中経過です。フラグ確認 index.php(19)：  Array
(
    [current_num] => 0
    [correct_count] => 0
    [easy] => 0
    [normal] => 2
    [hard] => 0
)

[15-Aug-2020 04:48:46 Asia/Tokyo]    
[15-Aug-2020 04:48:46 Asia/Tokyo] 画像配列の中身：img/img03.jpg
[15-Aug-2020 04:48:46 Asia/Tokyo]    
[15-Aug-2020 04:48:46 Asia/Tokyo] POST['next']が空だったときの処理です。Array
(
    [normal] => 2
)

[15-Aug-2020 04:48:46 Asia/Tokyo]    
[15-Aug-2020 14:20:55 Asia/Tokyo] SESSIONをセットしました construct処理(36)：Array
(
    [current_num] => 0
    [correct_count] => 0
    [easy] => 0
    [normal] => 0
    [hard] => 0
)

[15-Aug-2020 14:20:55 Asia/Tokyo]    
[15-Aug-2020 14:20:55 Asia/Tokyo] debagg u：
[15-Aug-2020 14:20:55 Asia/Tokyo]    
[15-Aug-2020 14:20:55 Asia/Tokyo] POSTの無いときの処理です
[15-Aug-2020 14:20:55 Asia/Tokyo]    
[15-Aug-2020 14:20:55 Asia/Tokyo] defaultの処理です ：QuizFinishメソッド
[15-Aug-2020 14:20:55 Asia/Tokyo]    
[19-Aug-2020 23:22:26 Asia/Tokyo] SESSIONをセットしました construct処理(36)：Array
(
    [current_num] => 0
    [correct_count] => 0
    [easy] => 0
    [normal] => 0
    [hard] => 0
)

[19-Aug-2020 23:22:26 Asia/Tokyo]    
[19-Aug-2020 23:22:26 Asia/Tokyo] debagg u：
[19-Aug-2020 23:22:26 Asia/Tokyo]    
[19-Aug-2020 23:22:26 Asia/Tokyo] POSTの無いときの処理です
[19-Aug-2020 23:22:26 Asia/Tokyo]    
[19-Aug-2020 23:22:26 Asia/Tokyo] defaultの処理です ：QuizFinishメソッド
[19-Aug-2020 23:22:26 Asia/Tokyo]    
[19-Aug-2020 23:22:26 Asia/Tokyo] POSTの無いときの処理です
[19-Aug-2020 23:22:26 Asia/Tokyo]    
[19-Aug-2020 23:22:26 Asia/Tokyo] defaultの処理です ：QuizFinishメソッド
[19-Aug-2020 23:22:26 Asia/Tokyo]    
[19-Aug-2020 23:26:18 Asia/Tokyo] SESSIONの途中経過です。フラグ確認 index.php(19)：  Array
(
    [current_num] => 0
    [correct_count] => 0
    [easy] => 0
    [normal] => 0
    [hard] => 3
)

[19-Aug-2020 23:26:18 Asia/Tokyo]    
[19-Aug-2020 23:26:18 Asia/Tokyo] 画像配列の中身：img/img02.jpg
[19-Aug-2020 23:26:18 Asia/Tokyo]    
[19-Aug-2020 23:26:18 Asia/Tokyo] POST['next']が空だったときの処理です。Array
(
    [hard] => 3
)

[19-Aug-2020 23:26:18 Asia/Tokyo]    
[19-Aug-2020 23:26:21 Asia/Tokyo] SESSIONの途中経過です。フラグ確認 index.php(19)：  Array
(
    [current_num] => 0
    [correct_count] => 0
    [easy] => 0
    [normal] => 0
    [hard] => 3
)

[19-Aug-2020 23:26:21 Asia/Tokyo]    
[19-Aug-2020 23:26:21 Asia/Tokyo] 画像配列の中身：img/img04.jpg
[19-Aug-2020 23:26:21 Asia/Tokyo]    
[19-Aug-2020 23:26:21 Asia/Tokyo] POST['next']が空では無いときの処理です index.php(187)：Array
(
    [next] => 1
)

[19-Aug-2020 23:26:26 Asia/Tokyo] SESSIONの中身 answer.phpArray
(
    [current_num] => 0
    [correct_count] => 0
    [easy] => 0
    [normal] => 0
    [hard] => 3
)

[19-Aug-2020 23:26:26 Asia/Tokyo]    
[19-Aug-2020 23:26:26 Asia/Tokyo] Ajax処理でPOSTされているか確認 answer.php：カタボリック
[19-Aug-2020 23:26:26 Asia/Tokyo]    
[19-Aug-2020 23:26:26 Asia/Tokyo] $_SESSION[current_num]チェック前0
[19-Aug-2020 23:26:26 Asia/Tokyo]    
[19-Aug-2020 23:26:26 Asia/Tokyo] $_SESSION[current_num]チェック後1
[19-Aug-2020 23:26:26 Asia/Tokyo]    
[19-Aug-2020 23:26:26 Asia/Tokyo] 配列から引っ張ってきた答え answer.php：カタボリック
[19-Aug-2020 23:26:26 Asia/Tokyo]    
[19-Aug-2020 23:26:26 Asia/Tokyo] 答えの中身 answer.php：カタボリック
[19-Aug-2020 23:26:26 Asia/Tokyo]    
[19-Aug-2020 23:36:44 Asia/Tokyo] SESSIONをセットしました construct処理(36)：Array
(
    [current_num] => 0
    [correct_count] => 0
    [easy] => 0
    [normal] => 0
    [hard] => 0
)

[19-Aug-2020 23:36:44 Asia/Tokyo]    
[19-Aug-2020 23:36:44 Asia/Tokyo] debagg u：
[19-Aug-2020 23:36:44 Asia/Tokyo]    
[19-Aug-2020 23:36:44 Asia/Tokyo] POSTの無いときの処理です
[19-Aug-2020 23:36:44 Asia/Tokyo]    
[19-Aug-2020 23:36:44 Asia/Tokyo] defaultの処理です ：QuizFinishメソッド
[19-Aug-2020 23:36:44 Asia/Tokyo]    
[19-Aug-2020 23:36:46 Asia/Tokyo] POSTの無いときの処理です
[19-Aug-2020 23:36:46 Asia/Tokyo]    
[19-Aug-2020 23:36:46 Asia/Tokyo] defaultの処理です ：QuizFinishメソッド
[19-Aug-2020 23:36:46 Asia/Tokyo]    
[19-Aug-2020 23:39:16 Asia/Tokyo] SESSIONをセットしました construct処理(36)：Array
(
    [current_num] => 0
    [correct_count] => 0
    [easy] => 0
    [normal] => 0
    [hard] => 0
)

[19-Aug-2020 23:39:16 Asia/Tokyo]    
[19-Aug-2020 23:39:16 Asia/Tokyo] debagg u：
[19-Aug-2020 23:39:16 Asia/Tokyo]    
[19-Aug-2020 23:39:16 Asia/Tokyo] POSTの無いときの処理です
[19-Aug-2020 23:39:16 Asia/Tokyo]    
[19-Aug-2020 23:39:16 Asia/Tokyo] defaultの処理です ：QuizFinishメソッド
[19-Aug-2020 23:39:16 Asia/Tokyo]    
[19-Aug-2020 23:39:17 Asia/Tokyo] POSTの無いときの処理です
[19-Aug-2020 23:39:17 Asia/Tokyo]    
[19-Aug-2020 23:39:17 Asia/Tokyo] defaultの処理です ：QuizFinishメソッド
[19-Aug-2020 23:39:17 Asia/Tokyo]    
[21-Aug-2020 02:11:08 Asia/Tokyo] SESSIONをセットしました construct処理(36)：Array
(
    [current_num] => 0
    [correct_count] => 0
    [easy] => 0
    [normal] => 0
    [hard] => 0
)

[21-Aug-2020 02:11:08 Asia/Tokyo]    
[21-Aug-2020 02:11:08 Asia/Tokyo] debagg u：
[21-Aug-2020 02:11:08 Asia/Tokyo]    
[21-Aug-2020 02:11:08 Asia/Tokyo] POSTの無いときの処理です
[21-Aug-2020 02:11:08 Asia/Tokyo]    
[21-Aug-2020 02:11:08 Asia/Tokyo] defaultの処理です ：QuizFinishメソッド
[21-Aug-2020 02:11:08 Asia/Tokyo]    
[21-Aug-2020 02:11:08 Asia/Tokyo] SESSIONをセットしました construct処理(36)：Array
(
    [current_num] => 0
    [correct_count] => 0
    [easy] => 0
    [normal] => 0
    [hard] => 0
)

[21-Aug-2020 02:11:08 Asia/Tokyo]    
[21-Aug-2020 02:11:08 Asia/Tokyo] debagg u：/
[21-Aug-2020 02:11:08 Asia/Tokyo]    
[21-Aug-2020 02:11:08 Asia/Tokyo] POSTの無いときの処理です
[21-Aug-2020 02:11:08 Asia/Tokyo]    
[21-Aug-2020 02:11:08 Asia/Tokyo] defaultの処理です ：QuizFinishメソッド
[21-Aug-2020 02:11:08 Asia/Tokyo]    
[27-Aug-2020 12:35:57 Asia/Tokyo] SESSIONをセットしました construct処理(36)：Array
(
    [current_num] => 0
    [correct_count] => 0
    [easy] => 0
    [normal] => 0
    [hard] => 0
)

[27-Aug-2020 12:35:57 Asia/Tokyo]    
[27-Aug-2020 12:35:57 Asia/Tokyo] debagg u：
[27-Aug-2020 12:35:57 Asia/Tokyo]    
[27-Aug-2020 12:35:57 Asia/Tokyo] POSTの無いときの処理です
[27-Aug-2020 12:35:57 Asia/Tokyo]    
[27-Aug-2020 12:35:57 Asia/Tokyo] defaultの処理です ：QuizFinishメソッド
[27-Aug-2020 12:35:57 Asia/Tokyo]    
[27-Aug-2020 12:35:58 Asia/Tokyo] SESSIONの途中経過です。フラグ確認 index.php(19)：  Array
(
    [current_num] => 0
    [correct_count] => 0
    [easy] => 0
    [normal] => 2
    [hard] => 0
)

[27-Aug-2020 12:35:58 Asia/Tokyo]    
[27-Aug-2020 12:35:58 Asia/Tokyo] 画像配列の中身：img/img03.jpg
[27-Aug-2020 12:35:58 Asia/Tokyo]    
[27-Aug-2020 12:35:58 Asia/Tokyo] POST['next']が空だったときの処理です。Array
(
    [normal] => 2
)

[27-Aug-2020 12:35:58 Asia/Tokyo]    
[27-Aug-2020 12:36:00 Asia/Tokyo] SESSIONの途中経過です。フラグ確認 index.php(19)：  Array
(
    [current_num] => 0
    [correct_count] => 0
    [easy] => 0
    [normal] => 2
    [hard] => 0
)

[27-Aug-2020 12:36:00 Asia/Tokyo]    
[27-Aug-2020 12:36:00 Asia/Tokyo] 画像配列の中身：img/img04.jpg
[27-Aug-2020 12:36:00 Asia/Tokyo]    
[27-Aug-2020 12:36:00 Asia/Tokyo] POST['next']が空では無いときの処理です index.php(187)：Array
(
    [next] => 1
)

[27-Aug-2020 12:36:03 Asia/Tokyo] POSTの無いときの処理です
[27-Aug-2020 12:36:03 Asia/Tokyo]    
[03-Sep-2020 00:20:23 Asia/Tokyo] SESSIONをセットしました construct処理(36)：Array
(
    [current_num] => 0
    [correct_count] => 0
    [easy] => 0
    [normal] => 0
    [hard] => 0
)

[03-Sep-2020 00:20:23 Asia/Tokyo]    
[03-Sep-2020 00:20:23 Asia/Tokyo] debagg u：
[03-Sep-2020 00:20:23 Asia/Tokyo]    
[03-Sep-2020 00:20:23 Asia/Tokyo] POSTの無いときの処理です
[03-Sep-2020 00:20:23 Asia/Tokyo]    
[03-Sep-2020 00:20:23 Asia/Tokyo] defaultの処理です ：QuizFinishメソッド
[03-Sep-2020 00:20:23 Asia/Tokyo]    
[08-Sep-2020 04:56:23 Asia/Tokyo] SESSIONをセットしました construct処理(36)：Array
(
    [current_num] => 0
    [correct_count] => 0
    [easy] => 0
    [normal] => 0
    [hard] => 0
)

[08-Sep-2020 04:56:23 Asia/Tokyo]    
[08-Sep-2020 04:56:23 Asia/Tokyo] debagg u：
[08-Sep-2020 04:56:23 Asia/Tokyo]    
[08-Sep-2020 04:56:23 Asia/Tokyo] POSTの無いときの処理です
[08-Sep-2020 04:56:23 Asia/Tokyo]    
[08-Sep-2020 04:56:23 Asia/Tokyo] defaultの処理です ：QuizFinishメソッド
[08-Sep-2020 04:56:23 Asia/Tokyo]    
[15-Sep-2020 21:57:10 Asia/Tokyo] SESSIONをセットしました construct処理(36)：Array
(
    [current_num] => 0
    [correct_count] => 0
    [easy] => 0
    [normal] => 0
    [hard] => 0
)

[15-Sep-2020 21:57:10 Asia/Tokyo]    
[15-Sep-2020 21:57:10 Asia/Tokyo] debagg u：
[15-Sep-2020 21:57:10 Asia/Tokyo]    
[15-Sep-2020 21:57:10 Asia/Tokyo] POSTの無いときの処理です
[15-Sep-2020 21:57:10 Asia/Tokyo]    
[15-Sep-2020 21:57:10 Asia/Tokyo] defaultの処理です ：QuizFinishメソッド
[15-Sep-2020 21:57:10 Asia/Tokyo]    
[16-Sep-2020 22:51:39 Asia/Tokyo] SESSIONをセットしました construct処理(36)：Array
(
    [current_num] => 0
    [correct_count] => 0
    [easy] => 0
    [normal] => 0
    [hard] => 0
)

[16-Sep-2020 22:51:39 Asia/Tokyo]    
[16-Sep-2020 22:51:39 Asia/Tokyo] debagg u：
[16-Sep-2020 22:51:39 Asia/Tokyo]    
[16-Sep-2020 22:51:39 Asia/Tokyo] POSTの無いときの処理です
[16-Sep-2020 22:51:39 Asia/Tokyo]    
[16-Sep-2020 22:51:39 Asia/Tokyo] defaultの処理です ：QuizFinishメソッド
[16-Sep-2020 22:51:39 Asia/Tokyo]    
[16-Sep-2020 23:00:43 Asia/Tokyo] SESSIONをセットしました construct処理(36)：Array
(
    [current_num] => 0
    [correct_count] => 0
    [easy] => 0
    [normal] => 0
    [hard] => 0
)

[16-Sep-2020 23:00:43 Asia/Tokyo]    
[16-Sep-2020 23:00:43 Asia/Tokyo] debagg u：
[16-Sep-2020 23:00:43 Asia/Tokyo]    
[16-Sep-2020 23:00:43 Asia/Tokyo] POSTの無いときの処理です
[16-Sep-2020 23:00:43 Asia/Tokyo]    
[16-Sep-2020 23:00:43 Asia/Tokyo] defaultの処理です ：QuizFinishメソッド
[16-Sep-2020 23:00:43 Asia/Tokyo]    
[18-Sep-2020 10:35:11 Asia/Tokyo] SESSIONをセットしました construct処理(36)：Array
(
    [current_num] => 0
    [correct_count] => 0
    [easy] => 0
    [normal] => 0
    [hard] => 0
)

[18-Sep-2020 10:35:11 Asia/Tokyo]    
[18-Sep-2020 10:35:11 Asia/Tokyo] debagg u：
[18-Sep-2020 10:35:11 Asia/Tokyo]    
[18-Sep-2020 10:35:11 Asia/Tokyo] POSTの無いときの処理です
[18-Sep-2020 10:35:11 Asia/Tokyo]    
[18-Sep-2020 10:35:11 Asia/Tokyo] defaultの処理です ：QuizFinishメソッド
[18-Sep-2020 10:35:11 Asia/Tokyo]    
[18-Sep-2020 12:27:41 Asia/Tokyo] SESSIONをセットしました construct処理(36)：Array
(
    [current_num] => 0
    [correct_count] => 0
    [easy] => 0
    [normal] => 0
    [hard] => 0
)

[18-Sep-2020 12:27:41 Asia/Tokyo]    
[18-Sep-2020 12:27:41 Asia/Tokyo] debagg u：
[18-Sep-2020 12:27:41 Asia/Tokyo]    
[18-Sep-2020 12:27:41 Asia/Tokyo] POSTの無いときの処理です
[18-Sep-2020 12:27:41 Asia/Tokyo]    
[18-Sep-2020 12:27:41 Asia/Tokyo] defaultの処理です ：QuizFinishメソッド
[18-Sep-2020 12:27:41 Asia/Tokyo]    
[18-Sep-2020 12:27:41 Asia/Tokyo] SESSIONをセットしました construct処理(36)：Array
(
    [current_num] => 0
    [correct_count] => 0
    [easy] => 0
    [normal] => 0
    [hard] => 0
)

[18-Sep-2020 12:27:41 Asia/Tokyo]    
[18-Sep-2020 12:27:41 Asia/Tokyo] debagg u：/
[18-Sep-2020 12:27:41 Asia/Tokyo]    
[18-Sep-2020 12:27:41 Asia/Tokyo] POSTの無いときの処理です
[18-Sep-2020 12:27:41 Asia/Tokyo]    
[18-Sep-2020 12:27:41 Asia/Tokyo] defaultの処理です ：QuizFinishメソッド
[18-Sep-2020 12:27:41 Asia/Tokyo]    
[18-Sep-2020 23:40:16 Asia/Tokyo] SESSIONをセットしました construct処理(36)：Array
(
    [current_num] => 0
    [correct_count] => 0
    [easy] => 0
    [normal] => 0
    [hard] => 0
)

[18-Sep-2020 23:40:16 Asia/Tokyo]    
[18-Sep-2020 23:40:16 Asia/Tokyo] debagg u：
[18-Sep-2020 23:40:16 Asia/Tokyo]    
[18-Sep-2020 23:40:16 Asia/Tokyo] POSTの無いときの処理です
[18-Sep-2020 23:40:16 Asia/Tokyo]    
[18-Sep-2020 23:40:16 Asia/Tokyo] defaultの処理です ：QuizFinishメソッド
[18-Sep-2020 23:40:16 Asia/Tokyo]    
[19-Sep-2020 15:05:07 Asia/Tokyo] SESSIONをセットしました construct処理(36)：Array
(
    [current_num] => 0
    [correct_count] => 0
    [easy] => 0
    [normal] => 0
    [hard] => 0
)

[19-Sep-2020 15:05:07 Asia/Tokyo]    
[19-Sep-2020 15:05:07 Asia/Tokyo] debagg u：
[19-Sep-2020 15:05:07 Asia/Tokyo]    
[19-Sep-2020 15:05:07 Asia/Tokyo] POSTの無いときの処理です
[19-Sep-2020 15:05:07 Asia/Tokyo]    
[19-Sep-2020 15:05:07 Asia/Tokyo] defaultの処理です ：QuizFinishメソッド
[19-Sep-2020 15:05:07 Asia/Tokyo]    
[20-Sep-2020 13:03:13 Asia/Tokyo] SESSIONをセットしました construct処理(36)：Array
(
    [current_num] => 0
    [correct_count] => 0
    [easy] => 0
    [normal] => 0
    [hard] => 0
)

[20-Sep-2020 13:03:13 Asia/Tokyo]    
[20-Sep-2020 13:03:13 Asia/Tokyo] debagg u：
[20-Sep-2020 13:03:13 Asia/Tokyo]    
[20-Sep-2020 13:03:13 Asia/Tokyo] POSTの無いときの処理です
[20-Sep-2020 13:03:13 Asia/Tokyo]    
[20-Sep-2020 13:03:13 Asia/Tokyo] defaultの処理です ：QuizFinishメソッド
[20-Sep-2020 13:03:13 Asia/Tokyo]    
[22-Sep-2020 21:34:42 Asia/Tokyo] SESSIONをセットしました construct処理(36)：Array
(
    [current_num] => 0
    [correct_count] => 0
    [easy] => 0
    [normal] => 0
    [hard] => 0
)

[22-Sep-2020 21:34:42 Asia/Tokyo]    
[22-Sep-2020 21:34:42 Asia/Tokyo] debagg u：
[22-Sep-2020 21:34:42 Asia/Tokyo]    
[22-Sep-2020 21:34:42 Asia/Tokyo] POSTの無いときの処理です
[22-Sep-2020 21:34:42 Asia/Tokyo]    
[22-Sep-2020 21:34:42 Asia/Tokyo] defaultの処理です ：QuizFinishメソッド
[22-Sep-2020 21:34:42 Asia/Tokyo]    
[23-Sep-2020 00:13:01 Asia/Tokyo] SESSIONをセットしました construct処理(36)：Array
(
    [current_num] => 0
    [correct_count] => 0
    [easy] => 0
    [normal] => 0
    [hard] => 0
)

[23-Sep-2020 00:13:01 Asia/Tokyo]    
[23-Sep-2020 00:13:01 Asia/Tokyo] debagg u：
[23-Sep-2020 00:13:01 Asia/Tokyo]    
[23-Sep-2020 00:13:01 Asia/Tokyo] POSTの無いときの処理です
[23-Sep-2020 00:13:01 Asia/Tokyo]    
[23-Sep-2020 00:13:01 Asia/Tokyo] defaultの処理です ：QuizFinishメソッド
[23-Sep-2020 00:13:01 Asia/Tokyo]    
[23-Sep-2020 09:18:47 Asia/Tokyo] SESSIONをセットしました construct処理(36)：Array
(
    [current_num] => 0
    [correct_count] => 0
    [easy] => 0
    [normal] => 0
    [hard] => 0
)

[23-Sep-2020 09:18:47 Asia/Tokyo]    
[23-Sep-2020 09:18:47 Asia/Tokyo] debagg u：
[23-Sep-2020 09:18:47 Asia/Tokyo]    
[23-Sep-2020 09:18:47 Asia/Tokyo] POSTの無いときの処理です
[23-Sep-2020 09:18:47 Asia/Tokyo]    
[23-Sep-2020 09:18:47 Asia/Tokyo] defaultの処理です ：QuizFinishメソッド
[23-Sep-2020 09:18:47 Asia/Tokyo]    
[23-Sep-2020 17:05:22 Asia/Tokyo] SESSIONをセットしました construct処理(36)：Array
(
    [current_num] => 0
    [correct_count] => 0
    [easy] => 0
    [normal] => 0
    [hard] => 0
)

[23-Sep-2020 17:05:22 Asia/Tokyo]    
[23-Sep-2020 17:05:22 Asia/Tokyo] debagg u：
[23-Sep-2020 17:05:22 Asia/Tokyo]    
[23-Sep-2020 17:05:22 Asia/Tokyo] POSTの無いときの処理です
[23-Sep-2020 17:05:22 Asia/Tokyo]    
[23-Sep-2020 17:05:22 Asia/Tokyo] defaultの処理です ：QuizFinishメソッド
[23-Sep-2020 17:05:22 Asia/Tokyo]    
[26-Sep-2020 22:51:38 Asia/Tokyo] SESSIONをセットしました construct処理(36)：Array
(
    [current_num] => 0
    [correct_count] => 0
    [easy] => 0
    [normal] => 0
    [hard] => 0
)

[26-Sep-2020 22:51:38 Asia/Tokyo]    
[26-Sep-2020 22:51:38 Asia/Tokyo] debagg u：
[26-Sep-2020 22:51:38 Asia/Tokyo]    
[26-Sep-2020 22:51:38 Asia/Tokyo] POSTの無いときの処理です
[26-Sep-2020 22:51:38 Asia/Tokyo]    
[26-Sep-2020 22:51:38 Asia/Tokyo] defaultの処理です ：QuizFinishメソッド
[26-Sep-2020 22:51:38 Asia/Tokyo]    
[27-Sep-2020 20:41:02 Asia/Tokyo] SESSIONをセットしました construct処理(36)：Array
(
    [current_num] => 0
    [correct_count] => 0
    [easy] => 0
    [normal] => 0
    [hard] => 0
)

[27-Sep-2020 20:41:02 Asia/Tokyo]    
[27-Sep-2020 20:41:02 Asia/Tokyo] debagg u：
[27-Sep-2020 20:41:02 Asia/Tokyo]    
[27-Sep-2020 20:41:02 Asia/Tokyo] POSTの無いときの処理です
[27-Sep-2020 20:41:02 Asia/Tokyo]    
[27-Sep-2020 20:41:02 Asia/Tokyo] defaultの処理です ：QuizFinishメソッド
[27-Sep-2020 20:41:02 Asia/Tokyo]    
[27-Sep-2020 20:41:05 Asia/Tokyo] SESSIONの途中経過です。フラグ確認 index.php(19)：  Array
(
    [current_num] => 0
    [correct_count] => 0
    [easy] => 0
    [normal] => 0
    [hard] => 3
)

[27-Sep-2020 20:41:05 Asia/Tokyo]    
[27-Sep-2020 20:41:05 Asia/Tokyo] 画像配列の中身：img/img02.jpg
[27-Sep-2020 20:41:05 Asia/Tokyo]    
[27-Sep-2020 20:41:05 Asia/Tokyo] POST['next']が空だったときの処理です。Array
(
    [hard] => 3
)

[27-Sep-2020 20:41:05 Asia/Tokyo]    
[27-Sep-2020 20:41:06 Asia/Tokyo] SESSIONの途中経過です。フラグ確認 index.php(19)：  Array
(
    [current_num] => 0
    [correct_count] => 0
    [easy] => 0
    [normal] => 0
    [hard] => 3
)

[27-Sep-2020 20:41:06 Asia/Tokyo]    
[27-Sep-2020 20:41:06 Asia/Tokyo] 画像配列の中身：img/img01.jpg
[27-Sep-2020 20:41:06 Asia/Tokyo]    
[27-Sep-2020 20:41:06 Asia/Tokyo] POST['next']が空では無いときの処理です index.php(187)：Array
(
    [next] => 1
)

[27-Sep-2020 20:41:07 Asia/Tokyo] SESSIONの中身 answer.phpArray
(
    [current_num] => 0
    [correct_count] => 0
    [easy] => 0
    [normal] => 0
    [hard] => 3
)

[27-Sep-2020 20:41:07 Asia/Tokyo]    
[27-Sep-2020 20:41:07 Asia/Tokyo] Ajax処理でPOSTされているか確認 answer.php：シンボリック
[27-Sep-2020 20:41:07 Asia/Tokyo]    
[27-Sep-2020 20:41:07 Asia/Tokyo] $_SESSION[current_num]チェック前0
[27-Sep-2020 20:41:07 Asia/Tokyo]    
[27-Sep-2020 20:41:07 Asia/Tokyo] $_SESSION[current_num]チェック後1
[27-Sep-2020 20:41:07 Asia/Tokyo]    
[27-Sep-2020 20:41:07 Asia/Tokyo] 配列から引っ張ってきた答え answer.php：カタボリック
[27-Sep-2020 20:41:07 Asia/Tokyo]    
[27-Sep-2020 20:41:07 Asia/Tokyo] 答えの中身 answer.php：カタボリック
[27-Sep-2020 20:41:07 Asia/Tokyo]    
[27-Sep-2020 20:41:13 Asia/Tokyo] SESSIONの途中経過です。フラグ確認 index.php(19)：  Array
(
    [current_num] => 1
    [correct_count] => 0
    [easy] => 0
    [normal] => 0
    [hard] => 3
)

[27-Sep-2020 20:41:13 Asia/Tokyo]    
[27-Sep-2020 20:41:13 Asia/Tokyo] 画像配列の中身：img/img03.jpg
[27-Sep-2020 20:41:13 Asia/Tokyo]    
[27-Sep-2020 20:41:13 Asia/Tokyo] POST['next']が空では無いときの処理です index.php(187)：Array
(
    [next] => 1
)

[27-Sep-2020 20:41:14 Asia/Tokyo] SESSIONの中身 answer.phpArray
(
    [current_num] => 1
    [correct_count] => 0
    [easy] => 0
    [normal] => 0
    [hard] => 3
)

[27-Sep-2020 20:41:14 Asia/Tokyo]    
[27-Sep-2020 20:41:14 Asia/Tokyo] Ajax処理でPOSTされているか確認 answer.php：160g
[27-Sep-2020 20:41:14 Asia/Tokyo]    
[27-Sep-2020 20:41:14 Asia/Tokyo] $_SESSION[current_num]チェック前1
[27-Sep-2020 20:41:14 Asia/Tokyo]    
[27-Sep-2020 20:41:14 Asia/Tokyo] $_SESSION[current_num]チェック後2
[27-Sep-2020 20:41:14 Asia/Tokyo]    
[27-Sep-2020 20:41:14 Asia/Tokyo] 配列から引っ張ってきた答え answer.php：160g
[27-Sep-2020 20:41:14 Asia/Tokyo]    
[27-Sep-2020 20:41:14 Asia/Tokyo] 答えの中身 answer.php：160g
[27-Sep-2020 20:41:14 Asia/Tokyo]    
[27-Sep-2020 20:41:16 Asia/Tokyo] SESSIONの途中経過です。フラグ確認 index.php(19)：  Array
(
    [current_num] => 2
    [correct_count] => 1
    [easy] => 0
    [normal] => 0
    [hard] => 3
)

[27-Sep-2020 20:41:16 Asia/Tokyo]    
[27-Sep-2020 20:41:16 Asia/Tokyo] 画像配列の中身：img/img03.jpg
[27-Sep-2020 20:41:16 Asia/Tokyo]    
[27-Sep-2020 20:41:16 Asia/Tokyo] POST['next']が空では無いときの処理です index.php(187)：Array
(
    [next] => 1
)

[27-Sep-2020 20:41:17 Asia/Tokyo] SESSIONの中身 answer.phpArray
(
    [current_num] => 2
    [correct_count] => 1
    [easy] => 0
    [normal] => 0
    [hard] => 3
)

[27-Sep-2020 20:41:17 Asia/Tokyo]    
[27-Sep-2020 20:41:17 Asia/Tokyo] Ajax処理でPOSTされているか確認 answer.php：50個
[27-Sep-2020 20:41:17 Asia/Tokyo]    
[27-Sep-2020 20:41:17 Asia/Tokyo] $_SESSION[current_num]チェック前2
[27-Sep-2020 20:41:17 Asia/Tokyo]    
[27-Sep-2020 20:41:17 Asia/Tokyo] $_SESSION[current_num]チェック後3
[27-Sep-2020 20:41:17 Asia/Tokyo]    
[27-Sep-2020 20:41:17 Asia/Tokyo] 配列から引っ張ってきた答え answer.php：50個
[27-Sep-2020 20:41:17 Asia/Tokyo]    
[27-Sep-2020 20:41:17 Asia/Tokyo] 答えの中身 answer.php：50個
[27-Sep-2020 20:41:17 Asia/Tokyo]    
[27-Sep-2020 20:41:20 Asia/Tokyo] SESSIONの途中経過です。フラグ確認 index.php(19)：  Array
(
    [current_num] => 3
    [correct_count] => 2
    [easy] => 0
    [normal] => 0
    [hard] => 3
)

[27-Sep-2020 20:41:20 Asia/Tokyo]    
[27-Sep-2020 20:41:20 Asia/Tokyo] 画像配列の中身：img/img04.jpg
[27-Sep-2020 20:41:20 Asia/Tokyo]    
[27-Sep-2020 20:41:20 Asia/Tokyo] POST['next']が空では無いときの処理です index.php(187)：Array
(
    [next] => 1
)

[27-Sep-2020 20:41:21 Asia/Tokyo] SESSIONの中身 answer.phpArray
(
    [current_num] => 3
    [correct_count] => 2
    [easy] => 0
    [normal] => 0
    [hard] => 3
)

[27-Sep-2020 20:41:21 Asia/Tokyo]    
[27-Sep-2020 20:41:21 Asia/Tokyo] Ajax処理でPOSTされているか確認 answer.php：アナボリック
[27-Sep-2020 20:41:21 Asia/Tokyo]    
[27-Sep-2020 20:41:21 Asia/Tokyo] $_SESSION[current_num]チェック前3
[27-Sep-2020 20:41:21 Asia/Tokyo]    
[27-Sep-2020 20:41:21 Asia/Tokyo] $_SESSION[current_num]チェック後4
[27-Sep-2020 20:41:21 Asia/Tokyo]    
[27-Sep-2020 20:41:21 Asia/Tokyo] 配列から引っ張ってきた答え answer.php：アナボリック
[27-Sep-2020 20:41:21 Asia/Tokyo]    
[27-Sep-2020 20:41:21 Asia/Tokyo] 答えの中身 answer.php：アナボリック
[27-Sep-2020 20:41:21 Asia/Tokyo]    
[27-Sep-2020 20:41:25 Asia/Tokyo] SESSIONの途中経過です。フラグ確認 index.php(19)：  Array
(
    [current_num] => 4
    [correct_count] => 3
    [easy] => 0
    [normal] => 0
    [hard] => 3
)

[27-Sep-2020 20:41:25 Asia/Tokyo]    
[27-Sep-2020 20:41:25 Asia/Tokyo] 画像配列の中身：img/img02.jpg
[27-Sep-2020 20:41:25 Asia/Tokyo]    
[27-Sep-2020 20:41:25 Asia/Tokyo] POST['next']が空では無いときの処理です index.php(187)：Array
(
    [next] => 1
)

[27-Sep-2020 20:41:27 Asia/Tokyo] SESSIONの中身 answer.phpArray
(
    [current_num] => 4
    [correct_count] => 3
    [easy] => 0
    [normal] => 0
    [hard] => 3
)

[27-Sep-2020 20:41:27 Asia/Tokyo]    
[27-Sep-2020 20:41:27 Asia/Tokyo] Ajax処理でPOSTされているか確認 answer.php：45個
[27-Sep-2020 20:41:27 Asia/Tokyo]    
[27-Sep-2020 20:41:27 Asia/Tokyo] $_SESSION[current_num]チェック前4
[27-Sep-2020 20:41:27 Asia/Tokyo]    
[27-Sep-2020 20:41:27 Asia/Tokyo] $_SESSION[current_num]チェック後5
[27-Sep-2020 20:41:27 Asia/Tokyo]    
[27-Sep-2020 20:41:27 Asia/Tokyo] 配列から引っ張ってきた答え answer.php：50個
[27-Sep-2020 20:41:27 Asia/Tokyo]    
[27-Sep-2020 20:41:27 Asia/Tokyo] 答えの中身 answer.php：50個
[27-Sep-2020 20:41:27 Asia/Tokyo]    
[27-Sep-2020 20:41:30 Asia/Tokyo] SESSIONの途中経過です。フラグ確認 index.php(19)：  Array
(
    [current_num] => 5
    [correct_count] => 3
    [easy] => 0
    [normal] => 0
    [hard] => 3
)

[27-Sep-2020 20:41:30 Asia/Tokyo]    
[27-Sep-2020 20:41:30 Asia/Tokyo] 画像配列の中身：img/img02.jpg
[27-Sep-2020 20:41:30 Asia/Tokyo]    
[27-Sep-2020 20:41:30 Asia/Tokyo] POST['next']が空では無いときの処理です index.php(187)：Array
(
    [next] => 1
)

[27-Sep-2020 20:41:32 Asia/Tokyo] SESSIONの中身 answer.phpArray
(
    [current_num] => 5
    [correct_count] => 3
    [easy] => 0
    [normal] => 0
    [hard] => 3
)

[27-Sep-2020 20:41:32 Asia/Tokyo]    
[27-Sep-2020 20:41:32 Asia/Tokyo] Ajax処理でPOSTされているか確認 answer.php：mTOR
[27-Sep-2020 20:41:32 Asia/Tokyo]    
[27-Sep-2020 20:41:32 Asia/Tokyo] $_SESSION[current_num]チェック前5
[27-Sep-2020 20:41:32 Asia/Tokyo]    
[27-Sep-2020 20:41:32 Asia/Tokyo] $_SESSION[current_num]チェック後6
[27-Sep-2020 20:41:32 Asia/Tokyo]    
[27-Sep-2020 20:41:32 Asia/Tokyo] 配列から引っ張ってきた答え answer.php：mTOR
[27-Sep-2020 20:41:32 Asia/Tokyo]    
[27-Sep-2020 20:41:32 Asia/Tokyo] 答えの中身 answer.php：mTOR
[27-Sep-2020 20:41:32 Asia/Tokyo]    
[27-Sep-2020 20:41:33 Asia/Tokyo] SESSIONの途中経過です。フラグ確認 index.php(19)：  Array
(
    [current_num] => 6
    [correct_count] => 4
    [easy] => 0
    [normal] => 0
    [hard] => 3
)

[27-Sep-2020 20:41:33 Asia/Tokyo]    
[27-Sep-2020 20:41:33 Asia/Tokyo] 画像配列の中身：img/img03.jpg
[27-Sep-2020 20:41:33 Asia/Tokyo]    
[27-Sep-2020 20:41:33 Asia/Tokyo] hardの終了画面処理です
[27-Sep-2020 20:41:33 Asia/Tokyo]    
[27-Sep-2020 20:41:38 Asia/Tokyo] POSTの無いときの処理です
[27-Sep-2020 20:41:38 Asia/Tokyo]    
[27-Sep-2020 20:41:38 Asia/Tokyo] hardの終了画面処理です
[27-Sep-2020 20:41:38 Asia/Tokyo]    
[27-Sep-2020 20:41:39 Asia/Tokyo] POSTの無いときの処理です
[27-Sep-2020 20:41:39 Asia/Tokyo]    
[27-Sep-2020 20:41:39 Asia/Tokyo] hardの終了画面処理です
[27-Sep-2020 20:41:39 Asia/Tokyo]    
[27-Sep-2020 20:41:41 Asia/Tokyo] POSTの無いときの処理です
[27-Sep-2020 20:41:41 Asia/Tokyo]    
[27-Sep-2020 20:41:41 Asia/Tokyo] hardの終了画面処理です
[27-Sep-2020 20:41:41 Asia/Tokyo]    
[27-Sep-2020 20:41:42 Asia/Tokyo] POSTの無いときの処理です
[27-Sep-2020 20:41:42 Asia/Tokyo]    
[27-Sep-2020 20:41:42 Asia/Tokyo] hardの終了画面処理です
[27-Sep-2020 20:41:42 Asia/Tokyo]    
[27-Sep-2020 20:41:43 Asia/Tokyo] POSTの無いときの処理です
[27-Sep-2020 20:41:43 Asia/Tokyo]    
[27-Sep-2020 20:41:43 Asia/Tokyo] hardの終了画面処理です
[27-Sep-2020 20:41:43 Asia/Tokyo]    
[27-Sep-2020 20:41:47 Asia/Tokyo] POSTの無いときの処理です
[27-Sep-2020 20:41:47 Asia/Tokyo]    
[27-Sep-2020 20:41:47 Asia/Tokyo] hardの終了画面処理です
[27-Sep-2020 20:41:47 Asia/Tokyo]    
[27-Sep-2020 20:41:48 Asia/Tokyo] POSTの無いときの処理です
[27-Sep-2020 20:41:48 Asia/Tokyo]    
[27-Sep-2020 20:41:48 Asia/Tokyo] hardの終了画面処理です
[27-Sep-2020 20:41:48 Asia/Tokyo]    
[27-Sep-2020 20:41:49 Asia/Tokyo] POSTの無いときの処理です
[27-Sep-2020 20:41:49 Asia/Tokyo]    
[27-Sep-2020 20:41:49 Asia/Tokyo] hardの終了画面処理です
[27-Sep-2020 20:41:49 Asia/Tokyo]    
[27-Sep-2020 20:41:54 Asia/Tokyo] SESSIONをセットしました construct処理(36)：Array
(
    [current_num] => 0
    [correct_count] => 0
    [easy] => 0
    [normal] => 0
    [hard] => 0
)

[27-Sep-2020 20:41:54 Asia/Tokyo]    
[27-Sep-2020 20:41:54 Asia/Tokyo] debagg u：/
[27-Sep-2020 20:41:54 Asia/Tokyo]    
[27-Sep-2020 20:41:54 Asia/Tokyo] POSTの無いときの処理です
[27-Sep-2020 20:41:54 Asia/Tokyo]    
[27-Sep-2020 20:41:54 Asia/Tokyo] defaultの処理です ：QuizFinishメソッド
[27-Sep-2020 20:41:54 Asia/Tokyo]    
[27-Sep-2020 20:41:54 Asia/Tokyo] SESSIONをセットしました construct処理(36)：Array
(
    [current_num] => 0
    [correct_count] => 0
    [easy] => 0
    [normal] => 0
    [hard] => 0
)

[27-Sep-2020 20:41:54 Asia/Tokyo]    
[27-Sep-2020 20:41:54 Asia/Tokyo] debagg u：
[27-Sep-2020 20:41:54 Asia/Tokyo]    
[27-Sep-2020 20:41:54 Asia/Tokyo] POSTの無いときの処理です
[27-Sep-2020 20:41:54 Asia/Tokyo]    
[27-Sep-2020 20:41:54 Asia/Tokyo] defaultの処理です ：QuizFinishメソッド
[27-Sep-2020 20:41:54 Asia/Tokyo]    
[27-Sep-2020 20:42:00 Asia/Tokyo] POSTの無いときの処理です
[27-Sep-2020 20:42:00 Asia/Tokyo]    
[27-Sep-2020 20:42:00 Asia/Tokyo] hardの終了画面処理です
[27-Sep-2020 20:42:00 Asia/Tokyo]    
[27-Sep-2020 20:42:01 Asia/Tokyo] POSTの無いときの処理です
[27-Sep-2020 20:42:01 Asia/Tokyo]    
[27-Sep-2020 20:42:01 Asia/Tokyo] hardの終了画面処理です
[27-Sep-2020 20:42:01 Asia/Tokyo]    
[27-Sep-2020 20:42:02 Asia/Tokyo] POSTの無いときの処理です
[27-Sep-2020 20:42:02 Asia/Tokyo]    
[27-Sep-2020 20:42:02 Asia/Tokyo] hardの終了画面処理です
[27-Sep-2020 20:42:02 Asia/Tokyo]    
[27-Sep-2020 20:42:08 Asia/Tokyo] POSTの無いときの処理です
[27-Sep-2020 20:42:08 Asia/Tokyo]    
[27-Sep-2020 20:42:08 Asia/Tokyo] hardの終了画面処理です
[27-Sep-2020 20:42:08 Asia/Tokyo]    
[27-Sep-2020 20:42:10 Asia/Tokyo] POSTの無いときの処理です
[27-Sep-2020 20:42:10 Asia/Tokyo]    
[27-Sep-2020 20:42:10 Asia/Tokyo] hardの終了画面処理です
[27-Sep-2020 20:42:10 Asia/Tokyo]    
[27-Sep-2020 20:42:11 Asia/Tokyo] POSTの無いときの処理です
[27-Sep-2020 20:42:11 Asia/Tokyo]    
[27-Sep-2020 20:42:11 Asia/Tokyo] hardの終了画面処理です
[27-Sep-2020 20:42:11 Asia/Tokyo]    
[27-Sep-2020 20:42:12 Asia/Tokyo] POSTの無いときの処理です
[27-Sep-2020 20:42:12 Asia/Tokyo]    
[27-Sep-2020 20:42:12 Asia/Tokyo] hardの終了画面処理です
[27-Sep-2020 20:42:12 Asia/Tokyo]    
[27-Sep-2020 20:42:13 Asia/Tokyo] POSTの無いときの処理です
[27-Sep-2020 20:42:13 Asia/Tokyo]    
[27-Sep-2020 20:42:13 Asia/Tokyo] hardの終了画面処理です
[27-Sep-2020 20:42:13 Asia/Tokyo]    
[27-Sep-2020 20:42:13 Asia/Tokyo] POSTの無いときの処理です
[27-Sep-2020 20:42:13 Asia/Tokyo]    
[27-Sep-2020 20:42:13 Asia/Tokyo] hardの終了画面処理です
[27-Sep-2020 20:42:13 Asia/Tokyo]    
[27-Sep-2020 20:42:14 Asia/Tokyo] POSTの無いときの処理です
[27-Sep-2020 20:42:14 Asia/Tokyo]    
[27-Sep-2020 20:42:14 Asia/Tokyo] hardの終了画面処理です
[27-Sep-2020 20:42:14 Asia/Tokyo]    
[27-Sep-2020 20:42:15 Asia/Tokyo] POSTの無いときの処理です
[27-Sep-2020 20:42:15 Asia/Tokyo]    
[27-Sep-2020 20:42:15 Asia/Tokyo] hardの終了画面処理です
[27-Sep-2020 20:42:15 Asia/Tokyo]    
[27-Sep-2020 20:42:16 Asia/Tokyo] POSTの無いときの処理です
[27-Sep-2020 20:42:16 Asia/Tokyo]    
[27-Sep-2020 20:42:16 Asia/Tokyo] hardの終了画面処理です
[27-Sep-2020 20:42:16 Asia/Tokyo]    
[27-Sep-2020 20:42:25 Asia/Tokyo] SESSIONをセットしました construct処理(36)：Array
(
    [current_num] => 0
    [correct_count] => 0
    [easy] => 0
    [normal] => 0
    [hard] => 0
)

[27-Sep-2020 20:42:25 Asia/Tokyo]    
[27-Sep-2020 20:42:25 Asia/Tokyo] debagg u：
[27-Sep-2020 20:42:25 Asia/Tokyo]    
[27-Sep-2020 20:42:25 Asia/Tokyo] POSTの無いときの処理です
[27-Sep-2020 20:42:25 Asia/Tokyo]    
[27-Sep-2020 20:42:25 Asia/Tokyo] defaultの処理です ：QuizFinishメソッド
[27-Sep-2020 20:42:25 Asia/Tokyo]    
[27-Sep-2020 21:07:50 Asia/Tokyo] SESSIONをセットしました construct処理(36)：Array
(
    [current_num] => 0
    [correct_count] => 0
    [easy] => 0
    [normal] => 0
    [hard] => 0
)

[27-Sep-2020 21:07:50 Asia/Tokyo]    
[27-Sep-2020 21:07:50 Asia/Tokyo] debagg u：
[27-Sep-2020 21:07:50 Asia/Tokyo]    
[27-Sep-2020 21:07:50 Asia/Tokyo] POSTの無いときの処理です
[27-Sep-2020 21:07:50 Asia/Tokyo]    
[27-Sep-2020 21:07:50 Asia/Tokyo] defaultの処理です ：QuizFinishメソッド
[27-Sep-2020 21:07:50 Asia/Tokyo]    
[27-Sep-2020 21:28:44 Asia/Tokyo] SESSIONをセットしました construct処理(36)：Array
(
    [current_num] => 0
    [correct_count] => 0
    [easy] => 0
    [normal] => 0
    [hard] => 0
)

[27-Sep-2020 21:28:44 Asia/Tokyo]    
[27-Sep-2020 21:28:44 Asia/Tokyo] debagg u：
[27-Sep-2020 21:28:44 Asia/Tokyo]    
[27-Sep-2020 21:28:44 Asia/Tokyo] POSTの無いときの処理です
[27-Sep-2020 21:28:44 Asia/Tokyo]    
[27-Sep-2020 21:28:44 Asia/Tokyo] defaultの処理です ：QuizFinishメソッド
[27-Sep-2020 21:28:44 Asia/Tokyo]    
[29-Sep-2020 19:04:34 Asia/Tokyo] SESSIONをセットしました construct処理(36)：Array
(
    [current_num] => 0
    [correct_count] => 0
    [easy] => 0
    [normal] => 0
    [hard] => 0
)

[29-Sep-2020 19:04:34 Asia/Tokyo]    
[29-Sep-2020 19:04:34 Asia/Tokyo] debagg u：
[29-Sep-2020 19:04:34 Asia/Tokyo]    
[29-Sep-2020 19:04:34 Asia/Tokyo] POSTの無いときの処理です
[29-Sep-2020 19:04:34 Asia/Tokyo]    
[29-Sep-2020 19:04:34 Asia/Tokyo] defaultの処理です ：QuizFinishメソッド
[29-Sep-2020 19:04:34 Asia/Tokyo]    
[30-Sep-2020 02:39:48 Asia/Tokyo] SESSIONをセットしました construct処理(36)：Array
(
    [current_num] => 0
    [correct_count] => 0
    [easy] => 0
    [normal] => 0
    [hard] => 0
)

[30-Sep-2020 02:39:48 Asia/Tokyo]    
[30-Sep-2020 02:39:48 Asia/Tokyo] debagg u：
[30-Sep-2020 02:39:48 Asia/Tokyo]    
[30-Sep-2020 02:39:48 Asia/Tokyo] POSTの無いときの処理です
[30-Sep-2020 02:39:48 Asia/Tokyo]    
[30-Sep-2020 02:39:48 Asia/Tokyo] defaultの処理です ：QuizFinishメソッド
[30-Sep-2020 02:39:48 Asia/Tokyo]    
[30-Sep-2020 06:31:14 Asia/Tokyo] SESSIONをセットしました construct処理(36)：Array
(
    [current_num] => 0
    [correct_count] => 0
    [easy] => 0
    [normal] => 0
    [hard] => 0
)

[30-Sep-2020 06:31:14 Asia/Tokyo]    
[30-Sep-2020 06:31:14 Asia/Tokyo] debagg u：
[30-Sep-2020 06:31:14 Asia/Tokyo]    
[30-Sep-2020 06:31:14 Asia/Tokyo] POSTの無いときの処理です
[30-Sep-2020 06:31:14 Asia/Tokyo]    
[30-Sep-2020 06:31:14 Asia/Tokyo] defaultの処理です ：QuizFinishメソッド
[30-Sep-2020 06:31:14 Asia/Tokyo]    
[30-Sep-2020 06:31:15 Asia/Tokyo] SESSIONの途中経過です。フラグ確認 index.php(19)：  Array
(
    [current_num] => 0
    [correct_count] => 0
    [easy] => 0
    [normal] => 2
    [hard] => 0
)

[30-Sep-2020 06:31:15 Asia/Tokyo]    
[30-Sep-2020 06:31:15 Asia/Tokyo] 画像配列の中身：img/img04.jpg
[30-Sep-2020 06:31:15 Asia/Tokyo]    
[30-Sep-2020 06:31:15 Asia/Tokyo] POST['next']が空だったときの処理です。Array
(
    [normal] => 2
)

[30-Sep-2020 06:31:15 Asia/Tokyo]    
[30-Sep-2020 06:31:17 Asia/Tokyo] SESSIONの途中経過です。フラグ確認 index.php(19)：  Array
(
    [current_num] => 0
    [correct_count] => 0
    [easy] => 0
    [normal] => 2
    [hard] => 0
)

[30-Sep-2020 06:31:17 Asia/Tokyo]    
[30-Sep-2020 06:31:17 Asia/Tokyo] 画像配列の中身：img/img01.jpg
[30-Sep-2020 06:31:17 Asia/Tokyo]    
[30-Sep-2020 06:31:17 Asia/Tokyo] POST['next']が空では無いときの処理です index.php(187)：Array
(
    [next] => 1
)

[30-Sep-2020 06:31:18 Asia/Tokyo] SESSIONの中身 answer.phpArray
(
    [current_num] => 0
    [correct_count] => 0
    [easy] => 0
    [normal] => 2
    [hard] => 0
)

[30-Sep-2020 06:31:18 Asia/Tokyo]    
[30-Sep-2020 06:31:18 Asia/Tokyo] Ajax処理でPOSTされているか確認 answer.php：シーテッドローイング
[30-Sep-2020 06:31:18 Asia/Tokyo]    
[30-Sep-2020 06:31:18 Asia/Tokyo] $_SESSION[current_num]チェック前0
[30-Sep-2020 06:31:18 Asia/Tokyo]    
[30-Sep-2020 06:31:18 Asia/Tokyo] $_SESSION[current_num]チェック後1
[30-Sep-2020 06:31:18 Asia/Tokyo]    
[30-Sep-2020 06:31:18 Asia/Tokyo] 配列から引っ張ってきた答え answer.php：デッドリフト
[30-Sep-2020 06:31:18 Asia/Tokyo]    
[30-Sep-2020 06:31:18 Asia/Tokyo] 答えの中身 answer.php：デッドリフト
[30-Sep-2020 06:31:18 Asia/Tokyo]    
[01-Oct-2020 18:42:51 Asia/Tokyo] SESSIONをセットしました construct処理(36)：Array
(
    [current_num] => 0
    [correct_count] => 0
    [easy] => 0
    [normal] => 0
    [hard] => 0
)

[01-Oct-2020 18:42:51 Asia/Tokyo]    
[01-Oct-2020 18:42:51 Asia/Tokyo] debagg u：
[01-Oct-2020 18:42:51 Asia/Tokyo]    
[01-Oct-2020 18:42:51 Asia/Tokyo] POSTの無いときの処理です
[01-Oct-2020 18:42:51 Asia/Tokyo]    
[01-Oct-2020 18:42:51 Asia/Tokyo] defaultの処理です ：QuizFinishメソッド
[01-Oct-2020 18:42:51 Asia/Tokyo]    
[02-Oct-2020 07:21:39 Asia/Tokyo] SESSIONをセットしました construct処理(36)：Array
(
    [current_num] => 0
    [correct_count] => 0
    [easy] => 0
    [normal] => 0
    [hard] => 0
)

[02-Oct-2020 07:21:39 Asia/Tokyo]    
[02-Oct-2020 07:21:39 Asia/Tokyo] debagg u：
[02-Oct-2020 07:21:39 Asia/Tokyo]    
[02-Oct-2020 07:21:39 Asia/Tokyo] POSTの無いときの処理です
[02-Oct-2020 07:21:39 Asia/Tokyo]    
[02-Oct-2020 07:21:39 Asia/Tokyo] defaultの処理です ：QuizFinishメソッド
[02-Oct-2020 07:21:39 Asia/Tokyo]    
[03-Oct-2020 15:11:07 Asia/Tokyo] SESSIONをセットしました construct処理(36)：Array
(
    [current_num] => 0
    [correct_count] => 0
    [easy] => 0
    [normal] => 0
    [hard] => 0
)

[03-Oct-2020 15:11:07 Asia/Tokyo]    
[03-Oct-2020 15:11:07 Asia/Tokyo] debagg u：
[03-Oct-2020 15:11:07 Asia/Tokyo]    
[03-Oct-2020 15:11:07 Asia/Tokyo] POSTの無いときの処理です
[03-Oct-2020 15:11:07 Asia/Tokyo]    
[03-Oct-2020 15:11:07 Asia/Tokyo] defaultの処理です ：QuizFinishメソッド
[03-Oct-2020 15:11:07 Asia/Tokyo]    
[04-Oct-2020 04:34:26 Asia/Tokyo] SESSIONをセットしました construct処理(36)：Array
(
    [current_num] => 0
    [correct_count] => 0
    [easy] => 0
    [normal] => 0
    [hard] => 0
)

[04-Oct-2020 04:34:26 Asia/Tokyo]    
[04-Oct-2020 04:34:26 Asia/Tokyo] debagg u：
[04-Oct-2020 04:34:26 Asia/Tokyo]    
[04-Oct-2020 04:34:26 Asia/Tokyo] POSTの無いときの処理です
[04-Oct-2020 04:34:26 Asia/Tokyo]    
[04-Oct-2020 04:34:26 Asia/Tokyo] defaultの処理です ：QuizFinishメソッド
[04-Oct-2020 04:34:26 Asia/Tokyo]    
[04-Oct-2020 06:57:08 Asia/Tokyo] SESSIONをセットしました construct処理(36)：Array
(
    [current_num] => 0
    [correct_count] => 0
    [easy] => 0
    [normal] => 0
    [hard] => 0
)

[04-Oct-2020 06:57:08 Asia/Tokyo]    
[04-Oct-2020 06:57:08 Asia/Tokyo] debagg u：
[04-Oct-2020 06:57:08 Asia/Tokyo]    
[04-Oct-2020 06:57:08 Asia/Tokyo] POSTの無いときの処理です
[04-Oct-2020 06:57:08 Asia/Tokyo]    
[04-Oct-2020 06:57:08 Asia/Tokyo] defaultの処理です ：QuizFinishメソッド
[04-Oct-2020 06:57:08 Asia/Tokyo]    
[06-Oct-2020 13:31:54 Asia/Tokyo] SESSIONをセットしました construct処理(36)：Array
(
    [current_num] => 0
    [correct_count] => 0
    [easy] => 0
    [normal] => 0
    [hard] => 0
)

[06-Oct-2020 13:31:54 Asia/Tokyo]    
[06-Oct-2020 13:31:54 Asia/Tokyo] debagg u：
[06-Oct-2020 13:31:54 Asia/Tokyo]    
[06-Oct-2020 13:31:54 Asia/Tokyo] POSTの無いときの処理です
[06-Oct-2020 13:31:54 Asia/Tokyo]    
[06-Oct-2020 13:31:54 Asia/Tokyo] defaultの処理です ：QuizFinishメソッド
[06-Oct-2020 13:31:54 Asia/Tokyo]    
[06-Oct-2020 13:31:55 Asia/Tokyo] SESSIONの途中経過です。フラグ確認 index.php(19)：  Array
(
    [current_num] => 0
    [correct_count] => 0
    [easy] => 0
    [normal] => 0
    [hard] => 3
)

[06-Oct-2020 13:31:55 Asia/Tokyo]    
[06-Oct-2020 13:31:55 Asia/Tokyo] 画像配列の中身：img/img03.jpg
[06-Oct-2020 13:31:55 Asia/Tokyo]    
[06-Oct-2020 13:31:55 Asia/Tokyo] POST['next']が空だったときの処理です。Array
(
    [hard] => 3
)

[06-Oct-2020 13:31:55 Asia/Tokyo]    
[06-Oct-2020 13:31:57 Asia/Tokyo] SESSIONの途中経過です。フラグ確認 index.php(19)：  Array
(
    [current_num] => 0
    [correct_count] => 0
    [easy] => 0
    [normal] => 0
    [hard] => 3
)

[06-Oct-2020 13:31:57 Asia/Tokyo]    
[06-Oct-2020 13:31:57 Asia/Tokyo] 画像配列の中身：img/img04.jpg
[06-Oct-2020 13:31:57 Asia/Tokyo]    
[06-Oct-2020 13:31:57 Asia/Tokyo] POST['next']が空では無いときの処理です index.php(187)：Array
(
    [next] => 1
)

[06-Oct-2020 13:31:59 Asia/Tokyo] SESSIONの中身 answer.phpArray
(
    [current_num] => 0
    [correct_count] => 0
    [easy] => 0
    [normal] => 0
    [hard] => 3
)

[06-Oct-2020 13:31:59 Asia/Tokyo]    
[06-Oct-2020 13:31:59 Asia/Tokyo] Ajax処理でPOSTされているか確認 answer.php：カタボリック
[06-Oct-2020 13:31:59 Asia/Tokyo]    
[06-Oct-2020 13:31:59 Asia/Tokyo] $_SESSION[current_num]チェック前0
[06-Oct-2020 13:31:59 Asia/Tokyo]    
[06-Oct-2020 13:31:59 Asia/Tokyo] $_SESSION[current_num]チェック後1
[06-Oct-2020 13:31:59 Asia/Tokyo]    
[06-Oct-2020 13:31:59 Asia/Tokyo] 配列から引っ張ってきた答え answer.php：カタボリック
[06-Oct-2020 13:31:59 Asia/Tokyo]    
[06-Oct-2020 13:31:59 Asia/Tokyo] 答えの中身 answer.php：カタボリック
[06-Oct-2020 13:31:59 Asia/Tokyo]    
[06-Oct-2020 13:32:03 Asia/Tokyo] SESSIONの途中経過です。フラグ確認 index.php(19)：  Array
(
    [current_num] => 1
    [correct_count] => 1
    [easy] => 0
    [normal] => 0
    [hard] => 3
)

[06-Oct-2020 13:32:03 Asia/Tokyo]    
[06-Oct-2020 13:32:03 Asia/Tokyo] 画像配列の中身：img/img05.jpg
[06-Oct-2020 13:32:03 Asia/Tokyo]    
[06-Oct-2020 13:32:03 Asia/Tokyo] POST['next']が空では無いときの処理です index.php(187)：Array
(
    [next] => 1
)

[06-Oct-2020 13:32:05 Asia/Tokyo] SESSIONの中身 answer.phpArray
(
    [current_num] => 1
    [correct_count] => 1
    [easy] => 0
    [normal] => 0
    [hard] => 3
)

[06-Oct-2020 13:32:05 Asia/Tokyo]    
[06-Oct-2020 13:32:05 Asia/Tokyo] Ajax処理でPOSTされているか確認 answer.php：160g
[06-Oct-2020 13:32:05 Asia/Tokyo]    
[06-Oct-2020 13:32:05 Asia/Tokyo] $_SESSION[current_num]チェック前1
[06-Oct-2020 13:32:05 Asia/Tokyo]    
[06-Oct-2020 13:32:05 Asia/Tokyo] $_SESSION[current_num]チェック後2
[06-Oct-2020 13:32:05 Asia/Tokyo]    
[06-Oct-2020 13:32:05 Asia/Tokyo] 配列から引っ張ってきた答え answer.php：160g
[06-Oct-2020 13:32:05 Asia/Tokyo]    
[06-Oct-2020 13:32:05 Asia/Tokyo] 答えの中身 answer.php：160g
[06-Oct-2020 13:32:05 Asia/Tokyo]    
[06-Oct-2020 13:32:07 Asia/Tokyo] SESSIONの途中経過です。フラグ確認 index.php(19)：  Array
(
    [current_num] => 2
    [correct_count] => 2
    [easy] => 0
    [normal] => 0
    [hard] => 3
)

[06-Oct-2020 13:32:07 Asia/Tokyo]    
[06-Oct-2020 13:32:07 Asia/Tokyo] 画像配列の中身：img/img05.jpg
[06-Oct-2020 13:32:07 Asia/Tokyo]    
[06-Oct-2020 13:32:07 Asia/Tokyo] POST['next']が空では無いときの処理です index.php(187)：Array
(
    [next] => 1
)

[06-Oct-2020 13:32:08 Asia/Tokyo] SESSIONの中身 answer.phpArray
(
    [current_num] => 2
    [correct_count] => 2
    [easy] => 0
    [normal] => 0
    [hard] => 3
)

[06-Oct-2020 13:32:08 Asia/Tokyo]    
[06-Oct-2020 13:32:08 Asia/Tokyo] Ajax処理でPOSTされているか確認 answer.php：100個
[06-Oct-2020 13:32:08 Asia/Tokyo]    
[06-Oct-2020 13:32:08 Asia/Tokyo] $_SESSION[current_num]チェック前2
[06-Oct-2020 13:32:08 Asia/Tokyo]    
[06-Oct-2020 13:32:08 Asia/Tokyo] $_SESSION[current_num]チェック後3
[06-Oct-2020 13:32:08 Asia/Tokyo]    
[06-Oct-2020 13:32:08 Asia/Tokyo] 配列から引っ張ってきた答え answer.php：50個
[06-Oct-2020 13:32:08 Asia/Tokyo]    
[06-Oct-2020 13:32:08 Asia/Tokyo] 答えの中身 answer.php：50個
[06-Oct-2020 13:32:08 Asia/Tokyo]    
[06-Oct-2020 13:32:12 Asia/Tokyo] SESSIONの途中経過です。フラグ確認 index.php(19)：  Array
(
    [current_num] => 3
    [correct_count] => 2
    [easy] => 0
    [normal] => 0
    [hard] => 3
)

[06-Oct-2020 13:32:12 Asia/Tokyo]    
[06-Oct-2020 13:32:12 Asia/Tokyo] 画像配列の中身：img/img05.jpg
[06-Oct-2020 13:32:12 Asia/Tokyo]    
[06-Oct-2020 13:32:12 Asia/Tokyo] POST['next']が空では無いときの処理です index.php(187)：Array
(
    [next] => 1
)

[06-Oct-2020 13:32:14 Asia/Tokyo] SESSIONの中身 answer.phpArray
(
    [current_num] => 3
    [correct_count] => 2
    [easy] => 0
    [normal] => 0
    [hard] => 3
)

[06-Oct-2020 13:32:14 Asia/Tokyo]    
[06-Oct-2020 13:32:14 Asia/Tokyo] Ajax処理でPOSTされているか確認 answer.php：アナボリック
[06-Oct-2020 13:32:14 Asia/Tokyo]    
[06-Oct-2020 13:32:14 Asia/Tokyo] $_SESSION[current_num]チェック前3
[06-Oct-2020 13:32:14 Asia/Tokyo]    
[06-Oct-2020 13:32:14 Asia/Tokyo] $_SESSION[current_num]チェック後4
[06-Oct-2020 13:32:14 Asia/Tokyo]    
[06-Oct-2020 13:32:14 Asia/Tokyo] 配列から引っ張ってきた答え answer.php：アナボリック
[06-Oct-2020 13:32:14 Asia/Tokyo]    
[06-Oct-2020 13:32:14 Asia/Tokyo] 答えの中身 answer.php：アナボリック
[06-Oct-2020 13:32:14 Asia/Tokyo]    
[06-Oct-2020 13:32:19 Asia/Tokyo] SESSIONの途中経過です。フラグ確認 index.php(19)：  Array
(
    [current_num] => 4
    [correct_count] => 3
    [easy] => 0
    [normal] => 0
    [hard] => 3
)

[06-Oct-2020 13:32:19 Asia/Tokyo]    
[06-Oct-2020 13:32:19 Asia/Tokyo] 画像配列の中身：img/img03.jpg
[06-Oct-2020 13:32:19 Asia/Tokyo]    
[06-Oct-2020 13:32:19 Asia/Tokyo] POST['next']が空では無いときの処理です index.php(187)：Array
(
    [next] => 1
)

[06-Oct-2020 13:32:21 Asia/Tokyo] SESSIONの中身 answer.phpArray
(
    [current_num] => 4
    [correct_count] => 3
    [easy] => 0
    [normal] => 0
    [hard] => 3
)

[06-Oct-2020 13:32:21 Asia/Tokyo]    
[06-Oct-2020 13:32:21 Asia/Tokyo] Ajax処理でPOSTされているか確認 answer.php：45個
[06-Oct-2020 13:32:21 Asia/Tokyo]    
[06-Oct-2020 13:32:21 Asia/Tokyo] $_SESSION[current_num]チェック前4
[06-Oct-2020 13:32:21 Asia/Tokyo]    
[06-Oct-2020 13:32:21 Asia/Tokyo] $_SESSION[current_num]チェック後5
[06-Oct-2020 13:32:21 Asia/Tokyo]    
[06-Oct-2020 13:32:21 Asia/Tokyo] 配列から引っ張ってきた答え answer.php：50個
[06-Oct-2020 13:32:21 Asia/Tokyo]    
[06-Oct-2020 13:32:21 Asia/Tokyo] 答えの中身 answer.php：50個
[06-Oct-2020 13:32:21 Asia/Tokyo]    
[06-Oct-2020 13:32:25 Asia/Tokyo] SESSIONの途中経過です。フラグ確認 index.php(19)：  Array
(
    [current_num] => 5
    [correct_count] => 3
    [easy] => 0
    [normal] => 0
    [hard] => 3
)

[06-Oct-2020 13:32:25 Asia/Tokyo]    
[06-Oct-2020 13:32:25 Asia/Tokyo] 画像配列の中身：img/img05.jpg
[06-Oct-2020 13:32:25 Asia/Tokyo]    
[06-Oct-2020 13:32:25 Asia/Tokyo] POST['next']が空では無いときの処理です index.php(187)：Array
(
    [next] => 1
)

[06-Oct-2020 13:32:27 Asia/Tokyo] SESSIONの中身 answer.phpArray
(
    [current_num] => 5
    [correct_count] => 3
    [easy] => 0
    [normal] => 0
    [hard] => 3
)

[06-Oct-2020 13:32:27 Asia/Tokyo]    
[06-Oct-2020 13:32:27 Asia/Tokyo] Ajax処理でPOSTされているか確認 answer.php：mTPI
[06-Oct-2020 13:32:27 Asia/Tokyo]    
[06-Oct-2020 13:32:27 Asia/Tokyo] $_SESSION[current_num]チェック前5
[06-Oct-2020 13:32:27 Asia/Tokyo]    
[06-Oct-2020 13:32:27 Asia/Tokyo] $_SESSION[current_num]チェック後6
[06-Oct-2020 13:32:27 Asia/Tokyo]    
[06-Oct-2020 13:32:27 Asia/Tokyo] 配列から引っ張ってきた答え answer.php：mTOR
[06-Oct-2020 13:32:27 Asia/Tokyo]    
[06-Oct-2020 13:32:27 Asia/Tokyo] 答えの中身 answer.php：mTOR
[06-Oct-2020 13:32:27 Asia/Tokyo]    
[06-Oct-2020 13:32:29 Asia/Tokyo] SESSIONの途中経過です。フラグ確認 index.php(19)：  Array
(
    [current_num] => 6
    [correct_count] => 3
    [easy] => 0
    [normal] => 0
    [hard] => 3
)

[06-Oct-2020 13:32:29 Asia/Tokyo]    
[06-Oct-2020 13:32:29 Asia/Tokyo] 画像配列の中身：img/img04.jpg
[06-Oct-2020 13:32:29 Asia/Tokyo]    
[06-Oct-2020 13:32:29 Asia/Tokyo] hardの終了画面処理です
[06-Oct-2020 13:32:29 Asia/Tokyo]    
[06-Oct-2020 13:32:35 Asia/Tokyo] POSTの無いときの処理です
[06-Oct-2020 13:32:35 Asia/Tokyo]    
[06-Oct-2020 13:32:35 Asia/Tokyo] hardの終了画面処理です
[06-Oct-2020 13:32:35 Asia/Tokyo]    
[06-Oct-2020 13:32:38 Asia/Tokyo] POSTの無いときの処理です
[06-Oct-2020 13:32:38 Asia/Tokyo]    
[06-Oct-2020 13:32:38 Asia/Tokyo] hardの終了画面処理です
[06-Oct-2020 13:32:38 Asia/Tokyo]    
[06-Oct-2020 13:32:39 Asia/Tokyo] POSTの無いときの処理です
[06-Oct-2020 13:32:39 Asia/Tokyo]    
[06-Oct-2020 13:32:39 Asia/Tokyo] hardの終了画面処理です
[06-Oct-2020 13:32:39 Asia/Tokyo]    
[07-Oct-2020 00:44:56 Asia/Tokyo] SESSIONをセットしました construct処理(36)：Array
(
    [current_num] => 0
    [correct_count] => 0
    [easy] => 0
    [normal] => 0
    [hard] => 0
)

[07-Oct-2020 00:44:56 Asia/Tokyo]    
[07-Oct-2020 00:44:56 Asia/Tokyo] debagg u：
[07-Oct-2020 00:44:56 Asia/Tokyo]    
[07-Oct-2020 00:44:56 Asia/Tokyo] POSTの無いときの処理です
[07-Oct-2020 00:44:56 Asia/Tokyo]    
[07-Oct-2020 00:44:56 Asia/Tokyo] defaultの処理です ：QuizFinishメソッド
[07-Oct-2020 00:44:56 Asia/Tokyo]    
[07-Oct-2020 10:21:15 Asia/Tokyo] SESSIONをセットしました construct処理(36)：Array
(
    [current_num] => 0
    [correct_count] => 0
    [easy] => 0
    [normal] => 0
    [hard] => 0
)

[07-Oct-2020 10:21:15 Asia/Tokyo]    
[07-Oct-2020 10:21:15 Asia/Tokyo] debagg u：
[07-Oct-2020 10:21:15 Asia/Tokyo]    
[07-Oct-2020 10:21:15 Asia/Tokyo] POSTの無いときの処理です
[07-Oct-2020 10:21:15 Asia/Tokyo]    
[07-Oct-2020 10:21:15 Asia/Tokyo] defaultの処理です ：QuizFinishメソッド
[07-Oct-2020 10:21:15 Asia/Tokyo]    
[07-Oct-2020 17:38:02 Asia/Tokyo] SESSIONをセットしました construct処理(36)：Array
(
    [current_num] => 0
    [correct_count] => 0
    [easy] => 0
    [normal] => 0
    [hard] => 0
)

[07-Oct-2020 17:38:02 Asia/Tokyo]    
[07-Oct-2020 17:38:02 Asia/Tokyo] debagg u：
[07-Oct-2020 17:38:02 Asia/Tokyo]    
[07-Oct-2020 17:38:02 Asia/Tokyo] POSTの無いときの処理です
[07-Oct-2020 17:38:02 Asia/Tokyo]    
[07-Oct-2020 17:38:02 Asia/Tokyo] defaultの処理です ：QuizFinishメソッド
[07-Oct-2020 17:38:02 Asia/Tokyo]    
[08-Oct-2020 00:30:05 Asia/Tokyo] SESSIONをセットしました construct処理(36)：Array
(
    [current_num] => 0
    [correct_count] => 0
    [easy] => 0
    [normal] => 0
    [hard] => 0
)

[08-Oct-2020 00:30:05 Asia/Tokyo]    
[08-Oct-2020 00:30:05 Asia/Tokyo] debagg u：
[08-Oct-2020 00:30:05 Asia/Tokyo]    
[08-Oct-2020 00:30:05 Asia/Tokyo] POSTの無いときの処理です
[08-Oct-2020 00:30:05 Asia/Tokyo]    
[08-Oct-2020 00:30:05 Asia/Tokyo] defaultの処理です ：QuizFinishメソッド
[08-Oct-2020 00:30:05 Asia/Tokyo]    
[08-Oct-2020 00:48:00 Asia/Tokyo] SESSIONをセットしました construct処理(36)：Array
(
    [current_num] => 0
    [correct_count] => 0
    [easy] => 0
    [normal] => 0
    [hard] => 0
)

[08-Oct-2020 00:48:00 Asia/Tokyo]    
[08-Oct-2020 00:48:00 Asia/Tokyo] debagg u：
[08-Oct-2020 00:48:00 Asia/Tokyo]    
[08-Oct-2020 00:48:00 Asia/Tokyo] POSTの無いときの処理です
[08-Oct-2020 00:48:00 Asia/Tokyo]    
[08-Oct-2020 00:48:00 Asia/Tokyo] defaultの処理です ：QuizFinishメソッド
[08-Oct-2020 00:48:00 Asia/Tokyo]    
[08-Oct-2020 03:59:59 Asia/Tokyo] SESSIONをセットしました construct処理(36)：Array
(
    [current_num] => 0
    [correct_count] => 0
    [easy] => 0
    [normal] => 0
    [hard] => 0
)

[08-Oct-2020 03:59:59 Asia/Tokyo]    
[08-Oct-2020 03:59:59 Asia/Tokyo] debagg u：
[08-Oct-2020 03:59:59 Asia/Tokyo]    
[08-Oct-2020 03:59:59 Asia/Tokyo] POSTの無いときの処理です
[08-Oct-2020 03:59:59 Asia/Tokyo]    
[08-Oct-2020 03:59:59 Asia/Tokyo] defaultの処理です ：QuizFinishメソッド
[08-Oct-2020 03:59:59 Asia/Tokyo]    
[10-Oct-2020 00:53:35 Asia/Tokyo] SESSIONをセットしました construct処理(36)：Array
(
    [current_num] => 0
    [correct_count] => 0
    [easy] => 0
    [normal] => 0
    [hard] => 0
)

[10-Oct-2020 00:53:35 Asia/Tokyo]    
[10-Oct-2020 00:53:35 Asia/Tokyo] debagg u：
[10-Oct-2020 00:53:35 Asia/Tokyo]    
[10-Oct-2020 00:53:35 Asia/Tokyo] POSTの無いときの処理です
[10-Oct-2020 00:53:35 Asia/Tokyo]    
[10-Oct-2020 00:53:35 Asia/Tokyo] defaultの処理です ：QuizFinishメソッド
[10-Oct-2020 00:53:35 Asia/Tokyo]    
[10-Oct-2020 07:16:43 Asia/Tokyo] SESSIONをセットしました construct処理(36)：Array
(
    [current_num] => 0
    [correct_count] => 0
    [easy] => 0
    [normal] => 0
    [hard] => 0
)

[10-Oct-2020 07:16:43 Asia/Tokyo]    
[10-Oct-2020 07:16:43 Asia/Tokyo] debagg u：
[10-Oct-2020 07:16:43 Asia/Tokyo]    
[10-Oct-2020 07:16:43 Asia/Tokyo] POSTの無いときの処理です
[10-Oct-2020 07:16:43 Asia/Tokyo]    
[10-Oct-2020 07:16:43 Asia/Tokyo] defaultの処理です ：QuizFinishメソッド
[10-Oct-2020 07:16:43 Asia/Tokyo]    
[11-Oct-2020 12:42:14 Asia/Tokyo] SESSIONをセットしました construct処理(36)：Array
(
    [current_num] => 0
    [correct_count] => 0
    [easy] => 0
    [normal] => 0
    [hard] => 0
)

[11-Oct-2020 12:42:14 Asia/Tokyo]    
[11-Oct-2020 12:42:14 Asia/Tokyo] debagg u：
[11-Oct-2020 12:42:14 Asia/Tokyo]    
[11-Oct-2020 12:42:14 Asia/Tokyo] POSTの無いときの処理です
[11-Oct-2020 12:42:14 Asia/Tokyo]    
[11-Oct-2020 12:42:14 Asia/Tokyo] defaultの処理です ：QuizFinishメソッド
[11-Oct-2020 12:42:14 Asia/Tokyo]    
[11-Oct-2020 13:00:13 Asia/Tokyo] SESSIONをセットしました construct処理(36)：Array
(
    [current_num] => 0
    [correct_count] => 0
    [easy] => 0
    [normal] => 0
    [hard] => 0
)

[11-Oct-2020 13:00:13 Asia/Tokyo]    
[11-Oct-2020 13:00:13 Asia/Tokyo] debagg u：
[11-Oct-2020 13:00:13 Asia/Tokyo]    
[11-Oct-2020 13:00:13 Asia/Tokyo] POSTの無いときの処理です
[11-Oct-2020 13:00:13 Asia/Tokyo]    
[11-Oct-2020 13:00:13 Asia/Tokyo] defaultの処理です ：QuizFinishメソッド
[11-Oct-2020 13:00:13 Asia/Tokyo]    
[14-Oct-2020 02:17:50 Asia/Tokyo] SESSIONをセットしました construct処理(36)：Array
(
    [current_num] => 0
    [correct_count] => 0
    [easy] => 0
    [normal] => 0
    [hard] => 0
)

[14-Oct-2020 02:17:50 Asia/Tokyo]    
[14-Oct-2020 02:17:50 Asia/Tokyo] debagg u：
[14-Oct-2020 02:17:50 Asia/Tokyo]    
[14-Oct-2020 02:17:50 Asia/Tokyo] POSTの無いときの処理です
[14-Oct-2020 02:17:50 Asia/Tokyo]    
[14-Oct-2020 02:17:50 Asia/Tokyo] defaultの処理です ：QuizFinishメソッド
[14-Oct-2020 02:17:50 Asia/Tokyo]    
[14-Oct-2020 02:18:04 Asia/Tokyo] SESSIONをセットしました construct処理(36)：Array
(
    [current_num] => 0
    [correct_count] => 0
    [easy] => 0
    [normal] => 0
    [hard] => 0
)

[14-Oct-2020 02:18:04 Asia/Tokyo]    
[14-Oct-2020 02:18:04 Asia/Tokyo] debagg u：
[14-Oct-2020 02:18:04 Asia/Tokyo]    
[14-Oct-2020 02:18:04 Asia/Tokyo] POSTの無いときの処理です
[14-Oct-2020 02:18:04 Asia/Tokyo]    
[14-Oct-2020 02:18:04 Asia/Tokyo] defaultの処理です ：QuizFinishメソッド
[14-Oct-2020 02:18:04 Asia/Tokyo]    
[19-Oct-2020 06:44:49 Asia/Tokyo] SESSIONをセットしました construct処理(36)：Array
(
    [current_num] => 0
    [correct_count] => 0
    [easy] => 0
    [normal] => 0
    [hard] => 0
)

[19-Oct-2020 06:44:49 Asia/Tokyo]    
[19-Oct-2020 06:44:49 Asia/Tokyo] debagg u：
[19-Oct-2020 06:44:49 Asia/Tokyo]    
[19-Oct-2020 06:44:49 Asia/Tokyo] POSTの無いときの処理です
[19-Oct-2020 06:44:49 Asia/Tokyo]    
[19-Oct-2020 06:44:49 Asia/Tokyo] defaultの処理です ：QuizFinishメソッド
[19-Oct-2020 06:44:49 Asia/Tokyo]    
[21-Oct-2020 23:57:07 Asia/Tokyo] SESSIONをセットしました construct処理(36)：Array
(
    [current_num] => 0
    [correct_count] => 0
    [easy] => 0
    [normal] => 0
    [hard] => 0
)

[21-Oct-2020 23:57:07 Asia/Tokyo]    
[21-Oct-2020 23:57:07 Asia/Tokyo] debagg u：
[21-Oct-2020 23:57:07 Asia/Tokyo]    
[21-Oct-2020 23:57:07 Asia/Tokyo] POSTの無いときの処理です
[21-Oct-2020 23:57:07 Asia/Tokyo]    
[21-Oct-2020 23:57:07 Asia/Tokyo] defaultの処理です ：QuizFinishメソッド
[21-Oct-2020 23:57:07 Asia/Tokyo]    
[21-Oct-2020 23:57:07 Asia/Tokyo] SESSIONをセットしました construct処理(36)：Array
(
    [current_num] => 0
    [correct_count] => 0
    [easy] => 0
    [normal] => 0
    [hard] => 0
)

[21-Oct-2020 23:57:07 Asia/Tokyo]    
[21-Oct-2020 23:57:07 Asia/Tokyo] debagg u：/
[21-Oct-2020 23:57:07 Asia/Tokyo]    
[21-Oct-2020 23:57:07 Asia/Tokyo] POSTの無いときの処理です
[21-Oct-2020 23:57:07 Asia/Tokyo]    
[21-Oct-2020 23:57:07 Asia/Tokyo] defaultの処理です ：QuizFinishメソッド
[21-Oct-2020 23:57:07 Asia/Tokyo]    
[22-Oct-2020 00:21:24 Asia/Tokyo] SESSIONをセットしました construct処理(36)：Array
(
    [current_num] => 0
    [correct_count] => 0
    [easy] => 0
    [normal] => 0
    [hard] => 0
)

[22-Oct-2020 00:21:24 Asia/Tokyo]    
[22-Oct-2020 00:21:24 Asia/Tokyo] debagg u：
[22-Oct-2020 00:21:24 Asia/Tokyo]    
[22-Oct-2020 00:21:24 Asia/Tokyo] POSTの無いときの処理です
[22-Oct-2020 00:21:24 Asia/Tokyo]    
[22-Oct-2020 00:21:24 Asia/Tokyo] defaultの処理です ：QuizFinishメソッド
[22-Oct-2020 00:21:24 Asia/Tokyo]    
[22-Oct-2020 01:00:07 Asia/Tokyo] SESSIONをセットしました construct処理(36)：Array
(
    [current_num] => 0
    [correct_count] => 0
    [easy] => 0
    [normal] => 0
    [hard] => 0
)

[22-Oct-2020 01:00:07 Asia/Tokyo]    
[22-Oct-2020 01:00:07 Asia/Tokyo] debagg u：
[22-Oct-2020 01:00:07 Asia/Tokyo]    
[22-Oct-2020 01:00:07 Asia/Tokyo] POSTの無いときの処理です
[22-Oct-2020 01:00:07 Asia/Tokyo]    
[22-Oct-2020 01:00:07 Asia/Tokyo] defaultの処理です ：QuizFinishメソッド
[22-Oct-2020 01:00:07 Asia/Tokyo]    
[27-Oct-2020 12:58:37 Asia/Tokyo] SESSIONをセットしました construct処理(36)：Array
(
    [current_num] => 0
    [correct_count] => 0
    [easy] => 0
    [normal] => 0
    [hard] => 0
)

[27-Oct-2020 12:58:37 Asia/Tokyo]    
[27-Oct-2020 12:58:37 Asia/Tokyo] debagg u：
[27-Oct-2020 12:58:37 Asia/Tokyo]    
[27-Oct-2020 12:58:37 Asia/Tokyo] POSTの無いときの処理です
[27-Oct-2020 12:58:37 Asia/Tokyo]    
[27-Oct-2020 12:58:37 Asia/Tokyo] defaultの処理です ：QuizFinishメソッド
[27-Oct-2020 12:58:37 Asia/Tokyo]    
[27-Oct-2020 12:58:37 Asia/Tokyo] SESSIONをセットしました construct処理(36)：Array
(
    [current_num] => 0
    [correct_count] => 0
    [easy] => 0
    [normal] => 0
    [hard] => 0
)

[27-Oct-2020 12:58:37 Asia/Tokyo]    
[27-Oct-2020 12:58:37 Asia/Tokyo] debagg u：/
[27-Oct-2020 12:58:37 Asia/Tokyo]    
[27-Oct-2020 12:58:37 Asia/Tokyo] POSTの無いときの処理です
[27-Oct-2020 12:58:37 Asia/Tokyo]    
[27-Oct-2020 12:58:37 Asia/Tokyo] defaultの処理です ：QuizFinishメソッド
[27-Oct-2020 12:58:37 Asia/Tokyo]    
[01-Nov-2020 22:28:55 Asia/Tokyo] SESSIONをセットしました construct処理(36)：Array
(
    [current_num] => 0
    [correct_count] => 0
    [easy] => 0
    [normal] => 0
    [hard] => 0
)

[01-Nov-2020 22:28:55 Asia/Tokyo]    
[01-Nov-2020 22:28:55 Asia/Tokyo] debagg u：
[01-Nov-2020 22:28:55 Asia/Tokyo]    
[01-Nov-2020 22:28:55 Asia/Tokyo] POSTの無いときの処理です
[01-Nov-2020 22:28:55 Asia/Tokyo]    
[01-Nov-2020 22:28:55 Asia/Tokyo] defaultの処理です ：QuizFinishメソッド
[01-Nov-2020 22:28:55 Asia/Tokyo]    
[01-Nov-2020 22:28:56 Asia/Tokyo] SESSIONの途中経過です。フラグ確認 index.php(19)：  Array
(
    [current_num] => 0
    [correct_count] => 0
    [easy] => 0
    [normal] => 0
    [hard] => 3
)

[01-Nov-2020 22:28:56 Asia/Tokyo]    
[01-Nov-2020 22:28:56 Asia/Tokyo] 画像配列の中身：img/img01.jpg
[01-Nov-2020 22:28:56 Asia/Tokyo]    
[01-Nov-2020 22:28:56 Asia/Tokyo] POST['next']が空だったときの処理です。Array
(
    [hard] => 3
)

[01-Nov-2020 22:28:56 Asia/Tokyo]    
[01-Nov-2020 22:28:58 Asia/Tokyo] SESSIONの途中経過です。フラグ確認 index.php(19)：  Array
(
    [current_num] => 0
    [correct_count] => 0
    [easy] => 0
    [normal] => 0
    [hard] => 3
)

[01-Nov-2020 22:28:58 Asia/Tokyo]    
[01-Nov-2020 22:28:58 Asia/Tokyo] 画像配列の中身：img/img05.jpg
[01-Nov-2020 22:28:58 Asia/Tokyo]    
[01-Nov-2020 22:28:58 Asia/Tokyo] POST['next']が空では無いときの処理です index.php(187)：Array
(
    [next] => 1
)

[01-Nov-2020 22:28:59 Asia/Tokyo] SESSIONの中身 answer.phpArray
(
    [current_num] => 0
    [correct_count] => 0
    [easy] => 0
    [normal] => 0
    [hard] => 3
)

[01-Nov-2020 22:28:59 Asia/Tokyo]    
[01-Nov-2020 22:28:59 Asia/Tokyo] Ajax処理でPOSTされているか確認 answer.php：アナボリック
[01-Nov-2020 22:28:59 Asia/Tokyo]    
[01-Nov-2020 22:28:59 Asia/Tokyo] $_SESSION[current_num]チェック前0
[01-Nov-2020 22:28:59 Asia/Tokyo]    
[01-Nov-2020 22:28:59 Asia/Tokyo] $_SESSION[current_num]チェック後1
[01-Nov-2020 22:28:59 Asia/Tokyo]    
[01-Nov-2020 22:28:59 Asia/Tokyo] 配列から引っ張ってきた答え answer.php：カタボリック
[01-Nov-2020 22:28:59 Asia/Tokyo]    
[01-Nov-2020 22:28:59 Asia/Tokyo] 答えの中身 answer.php：カタボリック
[01-Nov-2020 22:28:59 Asia/Tokyo]    
[01-Nov-2020 22:29:02 Asia/Tokyo] SESSIONの途中経過です。フラグ確認 index.php(19)：  Array
(
    [current_num] => 1
    [correct_count] => 0
    [easy] => 0
    [normal] => 0
    [hard] => 3
)

[01-Nov-2020 22:29:02 Asia/Tokyo]    
[01-Nov-2020 22:29:02 Asia/Tokyo] 画像配列の中身：img/img05.jpg
[01-Nov-2020 22:29:02 Asia/Tokyo]    
[01-Nov-2020 22:29:02 Asia/Tokyo] POST['next']が空では無いときの処理です index.php(187)：Array
(
    [next] => 1
)

[01-Nov-2020 22:29:03 Asia/Tokyo] SESSIONの中身 answer.phpArray
(
    [current_num] => 1
    [correct_count] => 0
    [easy] => 0
    [normal] => 0
    [hard] => 3
)

[01-Nov-2020 22:29:03 Asia/Tokyo]    
[01-Nov-2020 22:29:03 Asia/Tokyo] Ajax処理でPOSTされているか確認 answer.php：120g
[01-Nov-2020 22:29:03 Asia/Tokyo]    
[01-Nov-2020 22:29:03 Asia/Tokyo] $_SESSION[current_num]チェック前1
[01-Nov-2020 22:29:03 Asia/Tokyo]    
[01-Nov-2020 22:29:03 Asia/Tokyo] $_SESSION[current_num]チェック後2
[01-Nov-2020 22:29:03 Asia/Tokyo]    
[01-Nov-2020 22:29:03 Asia/Tokyo] 配列から引っ張ってきた答え answer.php：160g
[01-Nov-2020 22:29:03 Asia/Tokyo]    
[01-Nov-2020 22:29:03 Asia/Tokyo] 答えの中身 answer.php：160g
[01-Nov-2020 22:29:03 Asia/Tokyo]    
[01-Nov-2020 22:29:04 Asia/Tokyo] SESSIONの途中経過です。フラグ確認 index.php(19)：  Array
(
    [current_num] => 2
    [correct_count] => 0
    [easy] => 0
    [normal] => 0
    [hard] => 3
)

[01-Nov-2020 22:29:04 Asia/Tokyo]    
[01-Nov-2020 22:29:04 Asia/Tokyo] 画像配列の中身：img/img01.jpg
[01-Nov-2020 22:29:04 Asia/Tokyo]    
[01-Nov-2020 22:29:04 Asia/Tokyo] POST['next']が空では無いときの処理です index.php(187)：Array
(
    [next] => 1
)

[01-Nov-2020 22:29:06 Asia/Tokyo] SESSIONの中身 answer.phpArray
(
    [current_num] => 2
    [correct_count] => 0
    [easy] => 0
    [normal] => 0
    [hard] => 3
)

[01-Nov-2020 22:29:06 Asia/Tokyo]    
[01-Nov-2020 22:29:06 Asia/Tokyo] Ajax処理でPOSTされているか確認 answer.php：150個
[01-Nov-2020 22:29:06 Asia/Tokyo]    
[01-Nov-2020 22:29:06 Asia/Tokyo] $_SESSION[current_num]チェック前2
[01-Nov-2020 22:29:06 Asia/Tokyo]    
[01-Nov-2020 22:29:06 Asia/Tokyo] $_SESSION[current_num]チェック後3
[01-Nov-2020 22:29:06 Asia/Tokyo]    
[01-Nov-2020 22:29:06 Asia/Tokyo] 配列から引っ張ってきた答え answer.php：50個
[01-Nov-2020 22:29:06 Asia/Tokyo]    
[01-Nov-2020 22:29:06 Asia/Tokyo] 答えの中身 answer.php：50個
[01-Nov-2020 22:29:06 Asia/Tokyo]    
[01-Nov-2020 22:29:07 Asia/Tokyo] SESSIONの途中経過です。フラグ確認 index.php(19)：  Array
(
    [current_num] => 3
    [correct_count] => 0
    [easy] => 0
    [normal] => 0
    [hard] => 3
)

[01-Nov-2020 22:29:07 Asia/Tokyo]    
[01-Nov-2020 22:29:07 Asia/Tokyo] 画像配列の中身：img/img03.jpg
[01-Nov-2020 22:29:07 Asia/Tokyo]    
[01-Nov-2020 22:29:07 Asia/Tokyo] POST['next']が空では無いときの処理です index.php(187)：Array
(
    [next] => 1
)

[01-Nov-2020 22:29:08 Asia/Tokyo] SESSIONの中身 answer.phpArray
(
    [current_num] => 3
    [correct_count] => 0
    [easy] => 0
    [normal] => 0
    [hard] => 3
)

[01-Nov-2020 22:29:08 Asia/Tokyo]    
[01-Nov-2020 22:29:08 Asia/Tokyo] Ajax処理でPOSTされているか確認 answer.php：メタボリック
[01-Nov-2020 22:29:08 Asia/Tokyo]    
[01-Nov-2020 22:29:08 Asia/Tokyo] $_SESSION[current_num]チェック前3
[01-Nov-2020 22:29:08 Asia/Tokyo]    
[01-Nov-2020 22:29:08 Asia/Tokyo] $_SESSION[current_num]チェック後4
[01-Nov-2020 22:29:08 Asia/Tokyo]    
[01-Nov-2020 22:29:08 Asia/Tokyo] 配列から引っ張ってきた答え answer.php：アナボリック
[01-Nov-2020 22:29:08 Asia/Tokyo]    
[01-Nov-2020 22:29:08 Asia/Tokyo] 答えの中身 answer.php：アナボリック
[01-Nov-2020 22:29:08 Asia/Tokyo]    
[01-Nov-2020 22:29:09 Asia/Tokyo] SESSIONの途中経過です。フラグ確認 index.php(19)：  Array
(
    [current_num] => 4
    [correct_count] => 0
    [easy] => 0
    [normal] => 0
    [hard] => 3
)

[01-Nov-2020 22:29:09 Asia/Tokyo]    
[01-Nov-2020 22:29:09 Asia/Tokyo] 画像配列の中身：img/img05.jpg
[01-Nov-2020 22:29:09 Asia/Tokyo]    
[01-Nov-2020 22:29:09 Asia/Tokyo] POST['next']が空では無いときの処理です index.php(187)：Array
(
    [next] => 1
)

[01-Nov-2020 22:29:12 Asia/Tokyo] SESSIONの中身 answer.phpArray
(
    [current_num] => 4
    [correct_count] => 0
    [easy] => 0
    [normal] => 0
    [hard] => 3
)

[01-Nov-2020 22:29:12 Asia/Tokyo]    
[01-Nov-2020 22:29:12 Asia/Tokyo] Ajax処理でPOSTされているか確認 answer.php：50個
[01-Nov-2020 22:29:12 Asia/Tokyo]    
[01-Nov-2020 22:29:12 Asia/Tokyo] $_SESSION[current_num]チェック前4
[01-Nov-2020 22:29:12 Asia/Tokyo]    
[01-Nov-2020 22:29:12 Asia/Tokyo] $_SESSION[current_num]チェック後5
[01-Nov-2020 22:29:12 Asia/Tokyo]    
[01-Nov-2020 22:29:12 Asia/Tokyo] 配列から引っ張ってきた答え answer.php：50個
[01-Nov-2020 22:29:12 Asia/Tokyo]    
[01-Nov-2020 22:29:12 Asia/Tokyo] 答えの中身 answer.php：50個
[01-Nov-2020 22:29:12 Asia/Tokyo]    
[01-Nov-2020 22:29:15 Asia/Tokyo] SESSIONの途中経過です。フラグ確認 index.php(19)：  Array
(
    [current_num] => 5
    [correct_count] => 1
    [easy] => 0
    [normal] => 0
    [hard] => 3
)

[01-Nov-2020 22:29:15 Asia/Tokyo]    
[01-Nov-2020 22:29:15 Asia/Tokyo] 画像配列の中身：img/img05.jpg
[01-Nov-2020 22:29:15 Asia/Tokyo]    
[01-Nov-2020 22:29:15 Asia/Tokyo] POST['next']が空では無いときの処理です index.php(187)：Array
(
    [next] => 1
)

[01-Nov-2020 22:29:18 Asia/Tokyo] SESSIONの中身 answer.phpArray
(
    [current_num] => 5
    [correct_count] => 1
    [easy] => 0
    [normal] => 0
    [hard] => 3
)

[01-Nov-2020 22:29:18 Asia/Tokyo]    
[01-Nov-2020 22:29:18 Asia/Tokyo] Ajax処理でPOSTされているか確認 answer.php：mTPI
[01-Nov-2020 22:29:18 Asia/Tokyo]    
[01-Nov-2020 22:29:18 Asia/Tokyo] $_SESSION[current_num]チェック前5
[01-Nov-2020 22:29:18 Asia/Tokyo]    
[01-Nov-2020 22:29:18 Asia/Tokyo] $_SESSION[current_num]チェック後6
[01-Nov-2020 22:29:18 Asia/Tokyo]    
[01-Nov-2020 22:29:18 Asia/Tokyo] 配列から引っ張ってきた答え answer.php：mTOR
[01-Nov-2020 22:29:18 Asia/Tokyo]    
[01-Nov-2020 22:29:18 Asia/Tokyo] 答えの中身 answer.php：mTOR
[01-Nov-2020 22:29:18 Asia/Tokyo]    
[01-Nov-2020 22:29:20 Asia/Tokyo] SESSIONの途中経過です。フラグ確認 index.php(19)：  Array
(
    [current_num] => 6
    [correct_count] => 1
    [easy] => 0
    [normal] => 0
    [hard] => 3
)

[01-Nov-2020 22:29:20 Asia/Tokyo]    
[01-Nov-2020 22:29:20 Asia/Tokyo] 画像配列の中身：img/img04.jpg
[01-Nov-2020 22:29:20 Asia/Tokyo]    
[01-Nov-2020 22:29:20 Asia/Tokyo] hardの終了画面処理です
[01-Nov-2020 22:29:20 Asia/Tokyo]    
[01-Nov-2020 22:29:22 Asia/Tokyo] POSTの無いときの処理です
[01-Nov-2020 22:29:22 Asia/Tokyo]    
[01-Nov-2020 22:29:22 Asia/Tokyo] hardの終了画面処理です
[01-Nov-2020 22:29:22 Asia/Tokyo]    
[01-Nov-2020 22:29:25 Asia/Tokyo] POSTの無いときの処理です
[01-Nov-2020 22:29:25 Asia/Tokyo]    
[01-Nov-2020 22:29:25 Asia/Tokyo] hardの終了画面処理です
[01-Nov-2020 22:29:25 Asia/Tokyo]    
[01-Nov-2020 22:29:25 Asia/Tokyo] POSTの無いときの処理です
[01-Nov-2020 22:29:25 Asia/Tokyo]    
[01-Nov-2020 22:29:25 Asia/Tokyo] hardの終了画面処理です
[01-Nov-2020 22:29:25 Asia/Tokyo]    
[01-Nov-2020 22:29:26 Asia/Tokyo] POSTの無いときの処理です
[01-Nov-2020 22:29:26 Asia/Tokyo]    
[01-Nov-2020 22:29:26 Asia/Tokyo] hardの終了画面処理です
[01-Nov-2020 22:29:26 Asia/Tokyo]    
[01-Nov-2020 22:29:29 Asia/Tokyo] POSTの無いときの処理です
[01-Nov-2020 22:29:29 Asia/Tokyo]    
[01-Nov-2020 22:29:29 Asia/Tokyo] hardの終了画面処理です
[01-Nov-2020 22:29:29 Asia/Tokyo]    
